::1 - - [29/Oct/2023:17:35:07 +0100] "GET /kiakk/contact.php HTTP/1.1" 200 17952
::1 - - [29/Oct/2023:17:35:07 +0100] "GET /kiakk/assets/css/style.css?v=2.0.0 HTTP/1.1" 304 -
::1 - - [29/Oct/2023:17:35:07 +0100] "GET /kiakk/assets/imgs/template/icons/menu1.svg HTTP/1.1" 304 -
::1 - - [29/Oct/2023:17:35:07 +0100] "GET /kiakk/assets/imgs/template/icons/snow-footer.png HTTP/1.1" 304 -
::1 - - [29/Oct/2023:17:35:08 +0100] "GET /kiakk/assets/imgs/page/homepage2/touch1.svg HTTP/1.1" 304 -
::1 - - [29/Oct/2023:17:35:08 +0100] "GET /kiakk/assets/imgs/template/icons/arrow.svg HTTP/1.1" 304 -
::1 - - [29/Oct/2023:17:35:08 +0100] "GET /kiakk/assets/js/vendors/jquery-3.7.0.min.js HTTP/1.1" 304 -
::1 - - [29/Oct/2023:17:35:08 +0100] "GET /kiakk/assets/js/vendors/bootstrap.bundle.min.js HTTP/1.1" 304 -
::1 - - [29/Oct/2023:17:35:08 +0100] "GET /kiakk/assets/css/vendors/normalize.css HTTP/1.1" 304 -
::1 - - [29/Oct/2023:17:35:08 +0100] "GET /kiakk/assets/css/plugins/slick.css HTTP/1.1" 304 -
::1 - - [29/Oct/2023:17:35:08 +0100] "GET /kiakk/assets/css/plugins/swiper-bundle.min.css HTTP/1.1" 304 -
::1 - - [29/Oct/2023:17:35:08 +0100] "GET /kiakk/assets/css/plugins/magnific-popup.css HTTP/1.1" 304 -
::1 - - [29/Oct/2023:17:35:08 +0100] "GET /kiakk/assets/css/vendors/uicons-regular-rounded.css HTTP/1.1" 304 -
::1 - - [29/Oct/2023:17:35:08 +0100] "GET /kiakk/assets/css/plugins/perfect-scrollbar.css HTTP/1.1" 304 -
::1 - - [29/Oct/2023:17:35:08 +0100] "GET /kiakk/assets/css/vendors/bootstrap.min.css HTTP/1.1" 304 -
::1 - - [29/Oct/2023:17:35:08 +0100] "GET /kiakk/assets/css/plugins/animate.min.css HTTP/1.1" 304 -
::1 - - [29/Oct/2023:17:35:10 +0100] "GET /kiakk/assets/js/vendors/gsap/3.12.0/gsap.min.js HTTP/1.1" 304 -
::1 - - [29/Oct/2023:17:35:10 +0100] "GET /kiakk/assets/js/vendors/gsap/3.12.0/ScrollTrigger.min.js HTTP/1.1" 304 -
::1 - - [29/Oct/2023:17:35:10 +0100] "GET /kiakk/assets/js/vendors/gsap/3.12.0/ScrollToPlugin.min.js HTTP/1.1" 304 -
::1 - - [29/Oct/2023:17:35:11 +0100] "GET /kiakk/assets/js/vendors/isotope.js HTTP/1.1" 304 -
::1 - - [29/Oct/2023:17:35:11 +0100] "GET /kiakk/assets/js/vendors/slick.js HTTP/1.1" 304 -
::1 - - [29/Oct/2023:17:35:11 +0100] "GET /kiakk/assets/js/vendors/swiper-bundle.min.js HTTP/1.1" 304 -
::1 - - [29/Oct/2023:17:35:11 +0100] "GET /kiakk/assets/js/vendors/magnific-popup.js HTTP/1.1" 304 -
::1 - - [29/Oct/2023:17:35:11 +0100] "GET /kiakk/assets/imgs/template/logo.svg HTTP/1.1" 304 -
::1 - - [29/Oct/2023:17:35:11 +0100] "GET /kiakk/assets/imgs/template/icons/close-btn.svg HTTP/1.1" 304 -
::1 - - [29/Oct/2023:17:35:11 +0100] "GET /kiakk/assets/imgs/template/icons/light.svg HTTP/1.1" 304 -
::1 - - [29/Oct/2023:17:35:11 +0100] "GET /kiakk/assets/js/vendors/jquery.lettering.js HTTP/1.1" 304 -
::1 - - [29/Oct/2023:17:35:11 +0100] "GET /kiakk/assets/imgs/template/icons/angle-down.svg HTTP/1.1" 304 -
::1 - - [29/Oct/2023:17:35:11 +0100] "GET /kiakk/assets/js/vendors/perfect-scrollbar.min.js HTTP/1.1" 304 -
::1 - - [29/Oct/2023:17:35:11 +0100] "GET /kiakk/assets/js/vendors/jquery.lazyload.min.js HTTP/1.1" 304 -
::1 - - [29/Oct/2023:17:35:11 +0100] "GET /kiakk/assets/js/vendors/smooth-scrollbar.js HTTP/1.1" 304 -
::1 - - [29/Oct/2023:17:35:12 +0100] "GET /kiakk/assets/js/main.js?v=2.0.0 HTTP/1.1" 304 -
::1 - - [29/Oct/2023:17:35:12 +0100] "GET /kiakk/assets/js/swiper-slider-config.js?v=2.0.0 HTTP/1.1" 304 -
::1 - - [29/Oct/2023:17:35:12 +0100] "GET /kiakk/assets/js/custom.js?v=2.0.0 HTTP/1.1" 304 -
::1 - - [29/Oct/2023:17:35:18 +0100] "GET /kiakk/index.php HTTP/1.1" 200 42513
::1 - - [29/Oct/2023:17:35:18 +0100] "GET /kiakk/assets/imgs/page/homepage1/blog1.png HTTP/1.1" 304 -
::1 - - [29/Oct/2023:17:35:18 +0100] "GET /kiakk/assets/imgs/page/homepage1/img-get-quote.png HTTP/1.1" 304 -
::1 - - [29/Oct/2023:17:35:19 +0100] "GET /kiakk/assets/imgs/page/homepage1/blog2.png HTTP/1.1" 304 -
::1 - - [29/Oct/2023:17:35:19 +0100] "GET /kiakk/assets/imgs/page/homepage1/icon-project.png HTTP/1.1" 304 -
::1 - - [29/Oct/2023:17:35:19 +0100] "GET /kiakk/assets/imgs/page/homepage1/blog3.png HTTP/1.1" 304 -
::1 - - [29/Oct/2023:17:35:19 +0100] "GET /kiakk/assets/imgs/page/homepage2/img3.png HTTP/1.1" 304 -
::1 - - [29/Oct/2023:17:35:19 +0100] "GET /kiakk/assets/imgs/page/homepage2/img1.png HTTP/1.1" 304 -
::1 - - [29/Oct/2023:17:35:19 +0100] "GET /kiakk/assets/imgs/page/homepage2/img2.png HTTP/1.1" 304 -
::1 - - [29/Oct/2023:17:35:19 +0100] "GET /kiakk/assets/imgs/page/homepage2/img4.png HTTP/1.1" 304 -
::1 - - [29/Oct/2023:17:35:19 +0100] "GET /kiakk/assets/imgs/page/homepage1/service1.png HTTP/1.1" 304 -
::1 - - [29/Oct/2023:17:35:19 +0100] "GET /kiakk/assets/imgs/page/homepage1/service2.png HTTP/1.1" 304 -
::1 - - [29/Oct/2023:17:35:19 +0100] "GET /kiakk/assets/imgs/page/homepage1/service3.png HTTP/1.1" 304 -
::1 - - [29/Oct/2023:17:35:19 +0100] "GET /kiakk/assets/imgs/page/homepage1/service4.png HTTP/1.1" 304 -
::1 - - [29/Oct/2023:17:35:19 +0100] "GET /kiakk/assets/imgs/page/homepage4/work.png HTTP/1.1" 304 -
::1 - - [29/Oct/2023:17:35:19 +0100] "GET /kiakk/assets/imgs/page/homepage4/work2.png HTTP/1.1" 304 -
::1 - - [29/Oct/2023:17:35:19 +0100] "GET /kiakk/assets/imgs/page/homepage4/work3.png HTTP/1.1" 304 -
::1 - - [29/Oct/2023:17:35:19 +0100] "GET /kiakk/assets/imgs/page/homepage4/work4.png HTTP/1.1" 304 -
::1 - - [29/Oct/2023:17:35:19 +0100] "GET /kiakk/assets/imgs/page/homepage4/work6.png HTTP/1.1" 304 -
::1 - - [29/Oct/2023:17:35:19 +0100] "GET /kiakk/assets/imgs/page/homepage4/work5.png HTTP/1.1" 304 -
::1 - - [29/Oct/2023:17:35:19 +0100] "GET /kiakk/assets/imgs/page/homepage1/faq1.png HTTP/1.1" 304 -
::1 - - [29/Oct/2023:17:35:19 +0100] "GET /kiakk/assets/imgs/page/homepage1/faq2.png HTTP/1.1" 304 -
::1 - - [29/Oct/2023:17:35:19 +0100] "GET /kiakk/assets/imgs/page/homepage1/faq3.png HTTP/1.1" 304 -
::1 - - [29/Oct/2023:17:35:19 +0100] "GET /kiakk/assets/imgs/t%C3%A1mogat%C3%B3k/kometa.jpg HTTP/1.1" 304 -
::1 - - [29/Oct/2023:17:35:19 +0100] "GET /kiakk/assets/imgs/t%C3%A1mogat%C3%B3k/kszc.png HTTP/1.1" 304 -
::1 - - [29/Oct/2023:17:35:19 +0100] "GET /kiakk/assets/imgs/t%C3%A1mogat%C3%B3k/kaposvar.jpg HTTP/1.1" 304 -
::1 - - [29/Oct/2023:17:35:19 +0100] "GET /kiakk/assets/imgs/page/homepage4/icon.svg HTTP/1.1" 304 -
::1 - - [29/Oct/2023:17:35:19 +0100] "GET /kiakk/assets/imgs/page/homepage4/banner.png HTTP/1.1" 304 -
::1 - - [29/Oct/2023:17:35:19 +0100] "GET /kiakk/assets/imgs/t%C3%A1mogat%C3%B3k/bazisinfo.jpg HTTP/1.1" 304 -
::1 - - [29/Oct/2023:17:35:19 +0100] "GET /kiakk/assets/imgs/t%C3%A1mogat%C3%B3k/precognox.png HTTP/1.1" 304 -
::1 - - [29/Oct/2023:17:35:19 +0100] "GET /kiakk/assets/imgs/page/homepage1/arrow-up.png HTTP/1.1" 304 -
::1 - - [29/Oct/2023:17:35:19 +0100] "GET /kiakk/assets/imgs/page/homepage1/arrow-down.png HTTP/1.1" 304 -
::1 - - [29/Oct/2023:17:35:19 +0100] "GET /kiakk/index.php HTTP/1.1" 200 42513
::1 - - [29/Oct/2023:17:35:19 +0100] "GET /kiakk/assets/imgs/page/homepage3/snow-img.svg HTTP/1.1" 304 -
::1 - - [29/Oct/2023:17:35:36 +0100] "GET /kiakk/oktato1.php HTTP/1.1" 200 2698
::1 - - [29/Oct/2023:17:35:36 +0100] "GET /kiakk/assets/imgs/page/homepage1/team2.png HTTP/1.1" 304 -
::1 - - [29/Oct/2023:17:40:04 +0100] "GET /kiakk/+36306648937 HTTP/1.1" 404 216
::1 - - [29/Oct/2023:17:40:05 +0100] "GET /favicon.ico HTTP/1.1" 404 209
::1 - - [29/Oct/2023:17:41:16 +0100] "GET /kiakk/contact.php HTTP/1.1" 200 17952
::1 - - [29/Oct/2023:17:42:46 +0100] "GET /kiakk/contact.php HTTP/1.1" 200 17941
::1 - - [29/Oct/2023:17:42:48 +0100] "GET /kiakk/assets/imgs/template/logo-black.png HTTP/1.1" 304 -
::1 - - [29/Oct/2023:17:43:17 +0100] "GET /kiakk/contact.php HTTP/1.1" 200 17945
::1 - - [29/Oct/2023:17:46:03 +0100] "GET /kiakk/contact.php HTTP/1.1" 200 17932
::1 - - [29/Oct/2023:17:47:08 +0100] "GET /kiakk/contact.php HTTP/1.1" 200 17916
::1 - - [29/Oct/2023:17:47:28 +0100] "GET /kiakk/contact.php HTTP/1.1" 200 17948
::1 - - [29/Oct/2023:17:48:27 +0100] "GET /kiakk/contact.php HTTP/1.1" 200 17952
::1 - - [29/Oct/2023:18:02:42 +0100] "GET /kiakk/index.php HTTP/1.1" 200 42513
::1 - - [29/Oct/2023:18:02:43 +0100] "GET /kiakk/index.php HTTP/1.1" 200 42513
::1 - - [29/Oct/2023:18:02:52 +0100] "GET /kiakk/oktato1.php HTTP/1.1" 200 2698
::1 - - [29/Oct/2023:18:05:42 +0100] "GET /kiakk/index.php HTTP/1.1" 200 42451
::1 - - [29/Oct/2023:18:05:42 +0100] "GET /kiakk/index.php HTTP/1.1" 200 42451
::1 - - [29/Oct/2023:18:05:47 +0100] "GET /kiakk/oktato1.php HTTP/1.1" 200 2698
::1 - - [29/Oct/2023:18:05:50 +0100] "GET /kiakk/oktato1.php HTTP/1.1" 200 2698
::1 - - [29/Oct/2023:18:05:51 +0100] "GET /kiakk/oktato1.php HTTP/1.1" 200 2698
::1 - - [29/Oct/2023:18:05:51 +0100] "GET /kiakk/oktato1.php HTTP/1.1" 200 2698
::1 - - [29/Oct/2023:18:05:52 +0100] "GET /kiakk/oktato1.php HTTP/1.1" 200 2698
::1 - - [29/Oct/2023:18:05:52 +0100] "GET /kiakk/oktato1.php HTTP/1.1" 200 2698
::1 - - [29/Oct/2023:18:05:52 +0100] "GET /kiakk/oktato1.php HTTP/1.1" 200 2698
::1 - - [29/Oct/2023:18:05:54 +0100] "GET /kiakk/index.php HTTP/1.1" 200 42451
::1 - - [29/Oct/2023:18:05:54 +0100] "GET /kiakk/index.php HTTP/1.1" 200 42451
::1 - - [29/Oct/2023:18:06:02 +0100] "GET /kiakk/index.php HTTP/1.1" 200 42451
::1 - - [29/Oct/2023:18:06:03 +0100] "GET /kiakk/index.php HTTP/1.1" 200 42451
::1 - - [29/Oct/2023:18:06:07 +0100] "GET /kiakk/oktato1.php HTTP/1.1" 200 2698
::1 - - [29/Oct/2023:18:06:08 +0100] "GET /kiakk/oktato1.php HTTP/1.1" 200 2698
::1 - - [29/Oct/2023:18:06:08 +0100] "GET /kiakk/oktato1.php HTTP/1.1" 200 2698
::1 - - [29/Oct/2023:18:06:09 +0100] "GET /kiakk/oktato1.php HTTP/1.1" 200 2698
::1 - - [29/Oct/2023:18:06:18 +0100] "GET /kiakk/index.php HTTP/1.1" 200 42497
::1 - - [29/Oct/2023:18:06:18 +0100] "GET /kiakk/index.php HTTP/1.1" 200 42497
::1 - - [29/Oct/2023:18:06:23 +0100] "GET /kiakk/oktato1.php HTTP/1.1" 200 2698
::1 - - [29/Oct/2023:18:06:24 +0100] "GET /kiakk/oktato1.php HTTP/1.1" 200 2698
::1 - - [29/Oct/2023:18:06:25 +0100] "GET /kiakk/oktato1.php HTTP/1.1" 200 2698
::1 - - [29/Oct/2023:18:06:25 +0100] "GET /kiakk/oktato1.php HTTP/1.1" 200 2698
::1 - - [29/Oct/2023:18:06:25 +0100] "GET /kiakk/oktato1.php HTTP/1.1" 200 2698
::1 - - [29/Oct/2023:18:06:27 +0100] "GET /kiakk/oktato1.php HTTP/1.1" 200 2698
::1 - - [29/Oct/2023:18:06:37 +0100] "GET /kiakk/index.php HTTP/1.1" 200 42513
::1 - - [29/Oct/2023:18:06:38 +0100] "GET /kiakk/index.php HTTP/1.1" 200 42513
::1 - - [29/Oct/2023:18:06:43 +0100] "GET /kiakk/oktato1.php HTTP/1.1" 200 2698
::1 - - [29/Oct/2023:18:06:56 +0100] "GET /kiakk/index.php HTTP/1.1" 200 42467
::1 - - [29/Oct/2023:18:06:57 +0100] "GET /kiakk/index.php HTTP/1.1" 200 42467
::1 - - [29/Oct/2023:18:07:05 +0100] "GET /kiakk/oktato1.php HTTP/1.1" 200 2698
::1 - - [29/Oct/2023:18:07:19 +0100] "GET /kiakk/index.php HTTP/1.1" 200 42296
::1 - - [29/Oct/2023:18:07:30 +0100] "GET /kiakk/index.php HTTP/1.1" 200 42296
::1 - - [29/Oct/2023:18:07:35 +0100] "GET /kiakk/index.php HTTP/1.1" 200 42296
::1 - - [29/Oct/2023:18:09:12 +0100] "GET /kiakk/index.php HTTP/1.1" 200 42432
::1 - - [29/Oct/2023:18:09:16 +0100] "GET /kiakk/index.php HTTP/1.1" 200 42432
::1 - - [29/Oct/2023:18:09:33 +0100] "GET /kiakk/index.php HTTP/1.1" 200 42514
::1 - - [29/Oct/2023:18:09:33 +0100] "GET /kiakk/index.php HTTP/1.1" 200 42514
::1 - - [29/Oct/2023:18:09:52 +0100] "GET /kiakk/index.php HTTP/1.1" 200 42514
::1 - - [29/Oct/2023:18:09:52 +0100] "GET /kiakk/index.php HTTP/1.1" 200 42514
::1 - - [29/Oct/2023:18:09:57 +0100] "GET /kiakk/oktato1.php HTTP/1.1" 200 2698
::1 - - [29/Oct/2023:18:10:12 +0100] "GET /kiakk/oktato1.php HTTP/1.1" 200 2698
::1 - - [29/Oct/2023:18:15:12 +0100] "GET /kiakk/index.php HTTP/1.1" 200 43997
::1 - - [29/Oct/2023:18:15:12 +0100] "GET /kiakk/index.php HTTP/1.1" 200 43997
::1 - - [29/Oct/2023:18:15:20 +0100] "GET /kiakk/open HTTP/1.1" 404 208
::1 - - [29/Oct/2023:18:15:20 +0100] "GET /kiakk/oktato1.php HTTP/1.1" 200 2698
::1 - - [29/Oct/2023:18:15:37 +0100] "GET /kiakk/index.php HTTP/1.1" 200 43997
::1 - - [29/Oct/2023:18:15:38 +0100] "GET /kiakk/index.php HTTP/1.1" 200 43997
::1 - - [29/Oct/2023:18:15:43 +0100] "GET /kiakk/open HTTP/1.1" 404 208
::1 - - [29/Oct/2023:18:15:43 +0100] "GET /kiakk/oktato1.php HTTP/1.1" 200 2698
::1 - - [29/Oct/2023:18:15:59 +0100] "GET /kiakk/index.php HTTP/1.1" 200 43997
::1 - - [29/Oct/2023:18:16:00 +0100] "GET /kiakk/index.php HTTP/1.1" 200 43997
::1 - - [29/Oct/2023:18:16:46 +0100] "GET /kiakk/index.php HTTP/1.1" 200 42346
::1 - - [29/Oct/2023:18:16:46 +0100] "GET /kiakk/index.php HTTP/1.1" 200 42346
::1 - - [29/Oct/2023:18:16:51 +0100] "GET /kiakk/open HTTP/1.1" 404 208
::1 - - [29/Oct/2023:18:17:02 +0100] "GET /kiakk/contact.php HTTP/1.1" 200 17785
::1 - - [29/Oct/2023:18:17:02 +0100] "GET /kiakk/contact.php HTTP/1.1" 200 17785
::1 - - [29/Oct/2023:18:17:07 +0100] "GET /kiakk/index.php HTTP/1.1" 200 42346
::1 - - [29/Oct/2023:18:17:07 +0100] "GET /kiakk/index.php HTTP/1.1" 200 42346
::1 - - [29/Oct/2023:18:17:20 +0100] "GET /kiakk/open HTTP/1.1" 404 208
::1 - - [29/Oct/2023:18:17:32 +0100] "GET /kiakk/index.php HTTP/1.1" 200 42513
::1 - - [29/Oct/2023:18:17:32 +0100] "GET /kiakk/index.php HTTP/1.1" 200 42513
::1 - - [29/Oct/2023:18:18:11 +0100] "GET /kiakk/index.php HTTP/1.1" 200 42812
::1 - - [29/Oct/2023:18:18:12 +0100] "GET /kiakk/index.php HTTP/1.1" 200 42812
::1 - - [29/Oct/2023:18:18:19 +0100] "GET /kiakk/oktato1.php HTTP/1.1" 200 2698
::1 - - [29/Oct/2023:18:22:01 +0100] "GET /kiakk/index.php HTTP/1.1" 200 42528
::1 - - [29/Oct/2023:18:22:01 +0100] "GET /kiakk/index.php HTTP/1.1" 200 42528
::1 - - [29/Oct/2023:18:22:13 +0100] "GET /kiakk/oktato1.php HTTP/1.1" 200 2698
::1 - - [29/Oct/2023:18:22:18 +0100] "GET /kiakk/oktato1.php HTTP/1.1" 200 2698
::1 - - [29/Oct/2023:18:22:38 +0100] "GET /kiakk/index.php HTTP/1.1" 200 42528
::1 - - [29/Oct/2023:18:22:39 +0100] "GET /kiakk/index.php HTTP/1.1" 200 42528
::1 - - [29/Oct/2023:18:22:44 +0100] "GET /kiakk/oktato1.php HTTP/1.1" 200 2698
::1 - - [29/Oct/2023:18:23:38 +0100] "GET /kiakk/index.php HTTP/1.1" 200 43025
::1 - - [29/Oct/2023:18:23:39 +0100] "GET /kiakk/index.php HTTP/1.1" 200 43025
::1 - - [29/Oct/2023:18:23:39 +0100] "GET /kiakk/index.php HTTP/1.1" 200 43025
::1 - - [29/Oct/2023:18:23:44 +0100] "GET /kiakk/oktato1.php HTTP/1.1" 200 2698
::1 - - [29/Oct/2023:18:23:59 +0100] "GET /kiakk/index.php HTTP/1.1" 200 42808
::1 - - [29/Oct/2023:18:24:00 +0100] "GET /kiakk/index.php HTTP/1.1" 200 42808
::1 - - [29/Oct/2023:18:24:05 +0100] "GET /kiakk/oktato1.php HTTP/1.1" 200 2698
::1 - - [29/Oct/2023:18:25:36 +0100] "GET /kiakk/index.php HTTP/1.1" 200 42626
::1 - - [29/Oct/2023:18:25:37 +0100] "GET /kiakk/index.php HTTP/1.1" 200 42626
::1 - - [29/Oct/2023:18:25:42 +0100] "GET /kiakk/oktato1.php HTTP/1.1" 200 2698
::1 - - [29/Oct/2023:18:26:38 +0100] "GET /kiakk/index.php HTTP/1.1" 200 42523
::1 - - [29/Oct/2023:18:26:38 +0100] "GET /kiakk/index.php HTTP/1.1" 200 42523
::1 - - [29/Oct/2023:18:26:43 +0100] "GET /kiakk/oktato1.php HTTP/1.1" 200 2698
::1 - - [29/Oct/2023:18:26:46 +0100] "GET /kiakk/oktato1.php HTTP/1.1" 200 2698
::1 - - [29/Oct/2023:18:28:05 +0100] "GET /kiakk/index.php HTTP/1.1" 200 42581
::1 - - [29/Oct/2023:18:28:06 +0100] "GET /kiakk/index.php HTTP/1.1" 200 42581
::1 - - [29/Oct/2023:18:28:11 +0100] "GET /kiakk/oktato1.php HTTP/1.1" 200 2698
::1 - - [29/Oct/2023:18:29:56 +0100] "GET /kiakk/index.php HTTP/1.1" 200 42544
::1 - - [29/Oct/2023:18:29:57 +0100] "GET /kiakk/index.php HTTP/1.1" 200 42544
::1 - - [29/Oct/2023:18:30:02 +0100] "GET /kiakk/oktato1.php HTTP/1.1" 200 2698
::1 - - [29/Oct/2023:18:31:09 +0100] "GET /kiakk/index.php HTTP/1.1" 200 42530
::1 - - [29/Oct/2023:18:31:09 +0100] "GET /kiakk/index.php HTTP/1.1" 200 42530
::1 - - [29/Oct/2023:18:31:15 +0100] "GET /kiakk/oktato1.php HTTP/1.1" 200 2698
::1 - - [29/Oct/2023:18:32:35 +0100] "GET /kiakk/index.php HTTP/1.1" 200 42569
::1 - - [29/Oct/2023:18:32:35 +0100] "GET /kiakk/index.php HTTP/1.1" 200 42569
::1 - - [29/Oct/2023:18:32:43 +0100] "GET /kiakk/oktato1.php HTTP/1.1" 200 2698
::1 - - [29/Oct/2023:18:33:46 +0100] "GET /kiakk/index.php HTTP/1.1" 200 42572
::1 - - [29/Oct/2023:18:33:46 +0100] "GET /kiakk/assets/css/style.css?v=2.0.0 HTTP/1.1" 200 236668
::1 - - [29/Oct/2023:18:33:46 +0100] "GET /kiakk/index.php HTTP/1.1" 200 42572
::1 - - [29/Oct/2023:18:33:52 +0100] "GET /kiakk/oktato1.php HTTP/1.1" 200 2698
::1 - - [29/Oct/2023:18:33:56 +0100] "GET /kiakk/oktato1.php HTTP/1.1" 200 2698
::1 - - [29/Oct/2023:18:34:15 +0100] "GET /kiakk/index.php HTTP/1.1" 200 42608
::1 - - [29/Oct/2023:18:34:15 +0100] "GET /kiakk/index.php HTTP/1.1" 200 42608
::1 - - [29/Oct/2023:18:34:20 +0100] "GET /kiakk/oktato1.php HTTP/1.1" 200 2698
::1 - - [29/Oct/2023:18:34:55 +0100] "GET /kiakk/index.php HTTP/1.1" 200 42666
::1 - - [29/Oct/2023:18:34:55 +0100] "GET /kiakk/assets/css/style.css?v=2.0.0 HTTP/1.1" 304 -
::1 - - [29/Oct/2023:18:34:56 +0100] "GET /kiakk/index.php HTTP/1.1" 200 42666
::1 - - [29/Oct/2023:18:35:01 +0100] "GET /kiakk/oktato1.php HTTP/1.1" 200 2698
::1 - - [29/Oct/2023:18:35:05 +0100] "GET /kiakk/oktato1.php HTTP/1.1" 200 2698
::1 - - [29/Oct/2023:18:35:56 +0100] "GET /kiakk/index.php HTTP/1.1" 200 42719
::1 - - [29/Oct/2023:18:35:56 +0100] "GET /kiakk/index.php HTTP/1.1" 200 42719
::1 - - [29/Oct/2023:18:36:03 +0100] "GET /kiakk/oktato1.php HTTP/1.1" 200 2698
::1 - - [29/Oct/2023:18:40:33 +0100] "GET /kiakk/index.php HTTP/1.1" 200 43163
::1 - - [29/Oct/2023:18:40:33 +0100] "GET /kiakk/assets/css/style.css?v=2.0.0 HTTP/1.1" 304 -
::1 - - [29/Oct/2023:18:40:34 +0100] "GET /kiakk/index.php HTTP/1.1" 200 43163
::1 - - [29/Oct/2023:18:40:42 +0100] "GET /kiakk/oktato1.php HTTP/1.1" 200 2698
::1 - - [29/Oct/2023:18:41:14 +0100] "GET /kiakk/index.php HTTP/1.1" 200 43088
::1 - - [29/Oct/2023:18:41:14 +0100] "GET /kiakk/index.php HTTP/1.1" 200 43088
::1 - - [29/Oct/2023:18:41:19 +0100] "GET /kiakk/oktato1.php HTTP/1.1" 200 2698
::1 - - [29/Oct/2023:18:41:42 +0100] "GET /kiakk/index.php HTTP/1.1" 200 43125
::1 - - [29/Oct/2023:18:41:42 +0100] "GET /kiakk/index.php HTTP/1.1" 200 43125
::1 - - [29/Oct/2023:18:41:47 +0100] "GET /kiakk/oktato1.php HTTP/1.1" 200 2698
::1 - - [29/Oct/2023:18:43:48 +0100] "GET /kiakk/index.php HTTP/1.1" 200 43449
::1 - - [29/Oct/2023:18:43:48 +0100] "GET /kiakk/assets/css/style.css?v=2.0.0 HTTP/1.1" 304 -
::1 - - [29/Oct/2023:18:43:49 +0100] "GET /kiakk/index.php HTTP/1.1" 200 43449
::1 - - [29/Oct/2023:18:43:56 +0100] "GET /kiakk/oktato1.php HTTP/1.1" 200 2698
::1 - - [29/Oct/2023:18:44:21 +0100] "GET /kiakk/index.php HTTP/1.1" 200 43469
::1 - - [29/Oct/2023:18:44:22 +0100] "GET /kiakk/index.php HTTP/1.1" 200 43469
::1 - - [29/Oct/2023:18:44:27 +0100] "GET /kiakk/oktato1.php HTTP/1.1" 200 2698
::1 - - [29/Oct/2023:18:44:48 +0100] "GET /kiakk/index.php HTTP/1.1" 200 43470
::1 - - [29/Oct/2023:18:44:48 +0100] "GET /kiakk/index.php HTTP/1.1" 200 43470
::1 - - [29/Oct/2023:18:44:53 +0100] "GET /kiakk/oktato1.php HTTP/1.1" 200 2698
::1 - - [29/Oct/2023:18:45:22 +0100] "GET /kiakk/index.php HTTP/1.1" 200 43403
::1 - - [29/Oct/2023:18:45:22 +0100] "GET /kiakk/index.php HTTP/1.1" 200 43403
::1 - - [29/Oct/2023:18:45:32 +0100] "GET /kiakk/oktato1.php HTTP/1.1" 200 2698
::1 - - [29/Oct/2023:18:45:50 +0100] "GET /kiakk/index.php HTTP/1.1" 200 43373
::1 - - [29/Oct/2023:18:45:50 +0100] "GET /kiakk/index.php HTTP/1.1" 200 43373
::1 - - [29/Oct/2023:18:45:55 +0100] "GET /kiakk/oktato1.php HTTP/1.1" 200 2698
::1 - - [29/Oct/2023:18:45:59 +0100] "GET /kiakk/assets/css/style.css?v=2.0.0 HTTP/1.1" 304 -
::1 - - [29/Oct/2023:18:46:18 +0100] "GET /kiakk/index.php HTTP/1.1" 200 43345
::1 - - [29/Oct/2023:18:46:18 +0100] "GET /kiakk/index.php HTTP/1.1" 200 43345
::1 - - [29/Oct/2023:18:46:24 +0100] "GET /kiakk/oktato1.php HTTP/1.1" 200 2698
::1 - - [29/Oct/2023:18:46:55 +0100] "GET /kiakk/index.php HTTP/1.1" 200 43331
::1 - - [29/Oct/2023:18:46:55 +0100] "GET /kiakk/index.php HTTP/1.1" 200 43331
::1 - - [29/Oct/2023:18:47:00 +0100] "GET /kiakk/oktato1.php HTTP/1.1" 200 2698
::1 - - [29/Oct/2023:18:47:36 +0100] "GET /kiakk/index.php HTTP/1.1" 200 43331
::1 - - [29/Oct/2023:18:47:36 +0100] "GET /kiakk/index.php HTTP/1.1" 200 43331
::1 - - [29/Oct/2023:18:47:41 +0100] "GET /kiakk/oktato1.php HTTP/1.1" 200 2698
::1 - - [29/Oct/2023:18:48:06 +0100] "GET /kiakk/index.php HTTP/1.1" 200 43315
::1 - - [29/Oct/2023:18:48:06 +0100] "GET /kiakk/index.php HTTP/1.1" 200 43315
::1 - - [29/Oct/2023:18:48:10 +0100] "GET /kiakk/oktato1.php HTTP/1.1" 200 2698
::1 - - [29/Oct/2023:18:52:04 +0100] "GET /kiakk/index.php HTTP/1.1" 200 43346
::1 - - [29/Oct/2023:18:52:04 +0100] "GET /kiakk/assets/css/style.css?v=2.0.0 HTTP/1.1" 304 -
::1 - - [29/Oct/2023:18:52:05 +0100] "GET /kiakk/index.php HTTP/1.1" 200 43346
::1 - - [29/Oct/2023:18:52:09 +0100] "GET /kiakk/oktato1.php HTTP/1.1" 200 2698
::1 - - [29/Oct/2023:18:52:22 +0100] "GET /kiakk/index.php HTTP/1.1" 200 43361
::1 - - [29/Oct/2023:18:52:22 +0100] "GET /kiakk/index.php HTTP/1.1" 200 43361
::1 - - [29/Oct/2023:18:52:31 +0100] "GET /kiakk/oktato1.php HTTP/1.1" 200 2698
::1 - - [29/Oct/2023:18:52:38 +0100] "GET /kiakk/index.php HTTP/1.1" 200 43361
::1 - - [29/Oct/2023:18:52:38 +0100] "GET /kiakk/index.php HTTP/1.1" 200 43361
::1 - - [29/Oct/2023:18:52:44 +0100] "GET /kiakk/oktato1.php HTTP/1.1" 200 2698
::1 - - [29/Oct/2023:18:55:30 +0100] "GET /kiakk/index.php HTTP/1.1" 200 43398
::1 - - [29/Oct/2023:18:55:30 +0100] "GET /kiakk/assets/css/style.css?v=2.0.0 HTTP/1.1" 200 236823
::1 - - [29/Oct/2023:18:55:30 +0100] "GET /kiakk/index.php HTTP/1.1" 200 43398
::1 - - [29/Oct/2023:18:55:30 +0100] "GET /kiakk/assets/css/style.css?v=2.0.0 HTTP/1.1" 304 -
::1 - - [29/Oct/2023:18:55:40 +0100] "GET /kiakk/oktato1.php HTTP/1.1" 200 2698
::1 - - [29/Oct/2023:18:55:40 +0100] "GET /kiakk/assets/css/style.css?v=2.0.0 HTTP/1.1" 304 -
::1 - - [29/Oct/2023:18:56:52 +0100] "GET /kiakk/index.php HTTP/1.1" 200 43398
::1 - - [29/Oct/2023:18:56:52 +0100] "GET /kiakk/assets/css/style.css?v=2.0.0 HTTP/1.1" 200 236912
::1 - - [29/Oct/2023:18:56:52 +0100] "GET /kiakk/index.php HTTP/1.1" 200 43398
::1 - - [29/Oct/2023:18:56:52 +0100] "GET /kiakk/assets/css/style.css?v=2.0.0 HTTP/1.1" 304 -
::1 - - [29/Oct/2023:18:57:05 +0100] "GET /kiakk/oktato1.php HTTP/1.1" 200 2698
::1 - - [29/Oct/2023:18:57:05 +0100] "GET /kiakk/assets/css/style.css?v=2.0.0 HTTP/1.1" 304 -
::1 - - [29/Oct/2023:18:58:44 +0100] "GET /kiakk/index.php HTTP/1.1" 200 43398
::1 - - [29/Oct/2023:18:58:44 +0100] "GET /kiakk/assets/css/style.css?v=2.0.0 HTTP/1.1" 200 237192
::1 - - [29/Oct/2023:18:58:45 +0100] "GET /kiakk/index.php HTTP/1.1" 200 43398
::1 - - [29/Oct/2023:18:58:45 +0100] "GET /kiakk/assets/css/style.css?v=2.0.0 HTTP/1.1" 304 -
::1 - - [29/Oct/2023:18:58:50 +0100] "GET /kiakk/oktato1.php HTTP/1.1" 200 2698
::1 - - [29/Oct/2023:18:58:50 +0100] "GET /kiakk/assets/css/style.css?v=2.0.0 HTTP/1.1" 304 -
::1 - - [29/Oct/2023:18:59:12 +0100] "GET /kiakk/index.php HTTP/1.1" 200 43398
::1 - - [29/Oct/2023:18:59:12 +0100] "GET /kiakk/assets/css/style.css?v=2.0.0 HTTP/1.1" 200 237158
::1 - - [29/Oct/2023:18:59:12 +0100] "GET /kiakk/index.php HTTP/1.1" 200 43398
::1 - - [29/Oct/2023:18:59:12 +0100] "GET /kiakk/assets/css/style.css?v=2.0.0 HTTP/1.1" 304 -
::1 - - [29/Oct/2023:18:59:21 +0100] "GET /kiakk/oktato1.php HTTP/1.1" 200 2698
::1 - - [29/Oct/2023:18:59:21 +0100] "GET /kiakk/assets/css/style.css?v=2.0.0 HTTP/1.1" 304 -
::1 - - [29/Oct/2023:18:59:29 +0100] "GET /kiakk/index.php HTTP/1.1" 200 43398
::1 - - [29/Oct/2023:18:59:29 +0100] "GET /kiakk/assets/css/style.css?v=2.0.0 HTTP/1.1" 200 237160
::1 - - [29/Oct/2023:18:59:29 +0100] "GET /kiakk/index.php HTTP/1.1" 200 43398
::1 - - [29/Oct/2023:18:59:29 +0100] "GET /kiakk/assets/css/style.css?v=2.0.0 HTTP/1.1" 304 -
::1 - - [29/Oct/2023:18:59:33 +0100] "GET /kiakk/oktato1.php HTTP/1.1" 200 2698
::1 - - [29/Oct/2023:18:59:33 +0100] "GET /kiakk/assets/css/style.css?v=2.0.0 HTTP/1.1" 304 -
::1 - - [29/Oct/2023:18:59:44 +0100] "GET /kiakk/index.php HTTP/1.1" 200 43398
::1 - - [29/Oct/2023:18:59:44 +0100] "GET /kiakk/assets/css/style.css?v=2.0.0 HTTP/1.1" 200 237160
::1 - - [29/Oct/2023:18:59:45 +0100] "GET /kiakk/index.php HTTP/1.1" 200 43398
::1 - - [29/Oct/2023:18:59:45 +0100] "GET /kiakk/assets/css/style.css?v=2.0.0 HTTP/1.1" 304 -
::1 - - [29/Oct/2023:18:59:49 +0100] "GET /kiakk/oktato1.php HTTP/1.1" 200 2698
::1 - - [29/Oct/2023:18:59:49 +0100] "GET /kiakk/assets/css/style.css?v=2.0.0 HTTP/1.1" 304 -
::1 - - [29/Oct/2023:19:00:20 +0100] "GET /kiakk/index.php HTTP/1.1" 200 43398
::1 - - [29/Oct/2023:19:00:20 +0100] "GET /kiakk/assets/css/style.css?v=2.0.0 HTTP/1.1" 200 237158
::1 - - [29/Oct/2023:19:00:20 +0100] "GET /kiakk/index.php HTTP/1.1" 200 43398
::1 - - [29/Oct/2023:19:00:20 +0100] "GET /kiakk/assets/css/style.css?v=2.0.0 HTTP/1.1" 304 -
::1 - - [29/Oct/2023:19:00:28 +0100] "GET /kiakk/oktato1.php HTTP/1.1" 200 2698
::1 - - [29/Oct/2023:19:00:29 +0100] "GET /kiakk/assets/css/style.css?v=2.0.0 HTTP/1.1" 304 -
::1 - - [29/Oct/2023:19:00:38 +0100] "GET /kiakk/index.php HTTP/1.1" 200 43398
::1 - - [29/Oct/2023:19:00:38 +0100] "GET /kiakk/assets/css/style.css?v=2.0.0 HTTP/1.1" 200 237159
::1 - - [29/Oct/2023:19:00:38 +0100] "GET /kiakk/index.php HTTP/1.1" 200 43398
::1 - - [29/Oct/2023:19:00:47 +0100] "GET /kiakk/oktato1.php HTTP/1.1" 200 2698
::1 - - [29/Oct/2023:19:00:47 +0100] "GET /kiakk/assets/css/style.css?v=2.0.0 HTTP/1.1" 304 -
::1 - - [29/Oct/2023:19:01:05 +0100] "GET /kiakk/index.php HTTP/1.1" 200 43398
::1 - - [29/Oct/2023:19:01:05 +0100] "GET /kiakk/assets/css/style.css?v=2.0.0 HTTP/1.1" 200 237159
::1 - - [29/Oct/2023:19:01:05 +0100] "GET /kiakk/index.php HTTP/1.1" 200 43398
::1 - - [29/Oct/2023:19:01:05 +0100] "GET /kiakk/assets/css/style.css?v=2.0.0 HTTP/1.1" 304 -
::1 - - [29/Oct/2023:19:01:11 +0100] "GET /kiakk/oktato1.php HTTP/1.1" 200 2698
::1 - - [29/Oct/2023:19:01:11 +0100] "GET /kiakk/assets/css/style.css?v=2.0.0 HTTP/1.1" 304 -
::1 - - [29/Oct/2023:19:02:37 +0100] "GET /kiakk/index.php HTTP/1.1" 200 43398
::1 - - [29/Oct/2023:19:02:37 +0100] "GET /kiakk/assets/css/style.css?v=2.0.0 HTTP/1.1" 200 237160
::1 - - [29/Oct/2023:19:02:38 +0100] "GET /kiakk/index.php HTTP/1.1" 200 43398
::1 - - [29/Oct/2023:19:02:38 +0100] "GET /kiakk/assets/css/style.css?v=2.0.0 HTTP/1.1" 304 -
::1 - - [29/Oct/2023:19:02:42 +0100] "GET /kiakk/oktato1.php HTTP/1.1" 200 2698
::1 - - [29/Oct/2023:19:02:42 +0100] "GET /kiakk/assets/css/style.css?v=2.0.0 HTTP/1.1" 304 -
::1 - - [29/Oct/2023:19:03:54 +0100] "GET /kiakk/index.php HTTP/1.1" 200 42573
::1 - - [29/Oct/2023:19:03:54 +0100] "GET /kiakk/assets/css/style.css?v=2.0.0 HTTP/1.1" 200 236734
::1 - - [29/Oct/2023:19:03:54 +0100] "GET /kiakk/index.php HTTP/1.1" 200 42573
::1 - - [29/Oct/2023:19:03:54 +0100] "GET /kiakk/assets/css/style.css?v=2.0.0 HTTP/1.1" 304 -
::1 - - [29/Oct/2023:19:03:58 +0100] "GET /kiakk/oktato1.php HTTP/1.1" 200 2698
::1 - - [29/Oct/2023:19:03:59 +0100] "GET /kiakk/assets/css/style.css?v=2.0.0 HTTP/1.1" 304 -
::1 - - [29/Oct/2023:19:04:30 +0100] "GET /kiakk/index.php HTTP/1.1" 200 42581
::1 - - [29/Oct/2023:19:04:30 +0100] "GET /kiakk/assets/css/style.css?v=2.0.0 HTTP/1.1" 304 -
::1 - - [29/Oct/2023:19:04:31 +0100] "GET /kiakk/index.php HTTP/1.1" 200 42581
::1 - - [29/Oct/2023:19:04:36 +0100] "GET /kiakk/oktato1.php HTTP/1.1" 200 2698
::1 - - [29/Oct/2023:19:04:36 +0100] "GET /kiakk/assets/css/style.css?v=2.0.0 HTTP/1.1" 304 -
