PHP Warning:  PHP Startup: Unable to load dynamic library 'C:/Users/user/Desktop/USBW\\php\\ext\\php_curl.dll' - A megadott modul nem tal\xef\xbf\xbdlhat\xef\xbf\xbd.\r\n in Unknown on line 0
[Fri Oct 27 09:02:28.961678 2023] [mpm_winnt:notice] [pid 6004:tid 752] AH00455: Apache/2.4.29 (Win32) PHP/7.1.11 configured -- resuming normal operations
[Fri Oct 27 09:02:28.961678 2023] [mpm_winnt:notice] [pid 6004:tid 752] AH00456: Server built: Nov  3 2017 01:01:54
[Fri Oct 27 09:02:28.961678 2023] [core:notice] [pid 6004:tid 752] AH00094: Command line: 'C:\\Users\\user\\Desktop\\USBW/apache2/bin/httpd_usbwv8.exe -d C:/Users/user/Desktop/USBW/apache2'
[Fri Oct 27 09:02:28.978554 2023] [mpm_winnt:notice] [pid 6004:tid 752] AH00418: Parent: Created child process 8684
PHP Warning:  PHP Startup: Unable to load dynamic library 'C:/Users/user/Desktop/USBW\\php\\ext\\php_curl.dll' - A megadott modul nem tal\xef\xbf\xbdlhat\xef\xbf\xbd.\r\n in Unknown on line 0
[Fri Oct 27 09:02:29.428804 2023] [mpm_winnt:notice] [pid 8684:tid 732] AH00354: Child: Starting 64 worker threads.
[Fri Oct 27 09:38:24.173906 2023] [php7:notice] [pid 8684:tid 1236] [client ::1:58341] PHP Notice:  Use of undefined constant __ROOT__ - assumed '__ROOT__' in C:\\Users\\user\\Desktop\\USBW\\root\\kiakk\\index.php on line 4
[Fri Oct 27 09:38:24.173906 2023] [php7:warn] [pid 8684:tid 1236] [client ::1:58341] PHP Warning:  require_once(__ROOT__/head.php): failed to open stream: No such file or directory in C:\\Users\\user\\Desktop\\USBW\\root\\kiakk\\index.php on line 4
[Fri Oct 27 09:38:24.173906 2023] [php7:error] [pid 8684:tid 1236] [client ::1:58341] PHP Fatal error:  require_once(): Failed opening required '__ROOT__/head.php' (include_path='.;C:\\php\\pear') in C:\\Users\\user\\Desktop\\USBW\\root\\kiakk\\index.php on line 4
[Fri Oct 27 09:38:24.896290 2023] [php7:notice] [pid 8684:tid 1256] [client ::1:58342] PHP Notice:  Use of undefined constant __ROOT__ - assumed '__ROOT__' in C:\\Users\\user\\Desktop\\USBW\\root\\kiakk\\index.php on line 4
[Fri Oct 27 09:38:24.897315 2023] [php7:warn] [pid 8684:tid 1256] [client ::1:58342] PHP Warning:  require_once(__ROOT__/head.php): failed to open stream: No such file or directory in C:\\Users\\user\\Desktop\\USBW\\root\\kiakk\\index.php on line 4
[Fri Oct 27 09:38:24.897315 2023] [php7:error] [pid 8684:tid 1256] [client ::1:58342] PHP Fatal error:  require_once(): Failed opening required '__ROOT__/head.php' (include_path='.;C:\\php\\pear') in C:\\Users\\user\\Desktop\\USBW\\root\\kiakk\\index.php on line 4
[Fri Oct 27 09:38:29.840322 2023] [php7:notice] [pid 8684:tid 1236] [client ::1:58343] PHP Notice:  Use of undefined constant __ROOT__ - assumed '__ROOT__' in C:\\Users\\user\\Desktop\\USBW\\root\\kiakk\\index.php on line 4
[Fri Oct 27 09:38:29.841319 2023] [php7:warn] [pid 8684:tid 1236] [client ::1:58343] PHP Warning:  require_once(__ROOT__/head.php): failed to open stream: No such file or directory in C:\\Users\\user\\Desktop\\USBW\\root\\kiakk\\index.php on line 4
[Fri Oct 27 09:38:29.841319 2023] [php7:error] [pid 8684:tid 1236] [client ::1:58343] PHP Fatal error:  require_once(): Failed opening required '__ROOT__/head.php' (include_path='.;C:\\php\\pear') in C:\\Users\\user\\Desktop\\USBW\\root\\kiakk\\index.php on line 4
[Fri Oct 27 09:38:30.857304 2023] [php7:notice] [pid 8684:tid 1256] [client ::1:58344] PHP Notice:  Use of undefined constant __ROOT__ - assumed '__ROOT__' in C:\\Users\\user\\Desktop\\USBW\\root\\kiakk\\index.php on line 4
[Fri Oct 27 09:38:30.857304 2023] [php7:warn] [pid 8684:tid 1256] [client ::1:58344] PHP Warning:  require_once(__ROOT__/head.php): failed to open stream: No such file or directory in C:\\Users\\user\\Desktop\\USBW\\root\\kiakk\\index.php on line 4
[Fri Oct 27 09:38:30.857304 2023] [php7:error] [pid 8684:tid 1256] [client ::1:58344] PHP Fatal error:  require_once(): Failed opening required '__ROOT__/head.php' (include_path='.;C:\\php\\pear') in C:\\Users\\user\\Desktop\\USBW\\root\\kiakk\\index.php on line 4
[Fri Oct 27 09:38:31.440280 2023] [php7:notice] [pid 8684:tid 1236] [client ::1:58345] PHP Notice:  Use of undefined constant __ROOT__ - assumed '__ROOT__' in C:\\Users\\user\\Desktop\\USBW\\root\\kiakk\\index.php on line 4
[Fri Oct 27 09:38:31.440280 2023] [php7:warn] [pid 8684:tid 1236] [client ::1:58345] PHP Warning:  require_once(__ROOT__/head.php): failed to open stream: No such file or directory in C:\\Users\\user\\Desktop\\USBW\\root\\kiakk\\index.php on line 4
[Fri Oct 27 09:38:31.440280 2023] [php7:error] [pid 8684:tid 1236] [client ::1:58345] PHP Fatal error:  require_once(): Failed opening required '__ROOT__/head.php' (include_path='.;C:\\php\\pear') in C:\\Users\\user\\Desktop\\USBW\\root\\kiakk\\index.php on line 4
[Fri Oct 27 09:38:31.719506 2023] [php7:notice] [pid 8684:tid 1256] [client ::1:58346] PHP Notice:  Use of undefined constant __ROOT__ - assumed '__ROOT__' in C:\\Users\\user\\Desktop\\USBW\\root\\kiakk\\index.php on line 4
[Fri Oct 27 09:38:31.720476 2023] [php7:warn] [pid 8684:tid 1256] [client ::1:58346] PHP Warning:  require_once(__ROOT__/head.php): failed to open stream: No such file or directory in C:\\Users\\user\\Desktop\\USBW\\root\\kiakk\\index.php on line 4
[Fri Oct 27 09:38:31.720476 2023] [php7:error] [pid 8684:tid 1256] [client ::1:58346] PHP Fatal error:  require_once(): Failed opening required '__ROOT__/head.php' (include_path='.;C:\\php\\pear') in C:\\Users\\user\\Desktop\\USBW\\root\\kiakk\\index.php on line 4
[Fri Oct 27 09:38:32.105315 2023] [php7:notice] [pid 8684:tid 1236] [client ::1:58347] PHP Notice:  Use of undefined constant __ROOT__ - assumed '__ROOT__' in C:\\Users\\user\\Desktop\\USBW\\root\\kiakk\\index.php on line 4
[Fri Oct 27 09:38:32.105315 2023] [php7:warn] [pid 8684:tid 1236] [client ::1:58347] PHP Warning:  require_once(__ROOT__/head.php): failed to open stream: No such file or directory in C:\\Users\\user\\Desktop\\USBW\\root\\kiakk\\index.php on line 4
[Fri Oct 27 09:38:32.105315 2023] [php7:error] [pid 8684:tid 1236] [client ::1:58347] PHP Fatal error:  require_once(): Failed opening required '__ROOT__/head.php' (include_path='.;C:\\php\\pear') in C:\\Users\\user\\Desktop\\USBW\\root\\kiakk\\index.php on line 4
[Fri Oct 27 09:38:35.449195 2023] [php7:notice] [pid 8684:tid 1256] [client ::1:58348] PHP Notice:  Use of undefined constant __ROOT__ - assumed '__ROOT__' in C:\\Users\\user\\Desktop\\USBW\\root\\kiakk\\index.php on line 4
[Fri Oct 27 09:38:35.449195 2023] [php7:warn] [pid 8684:tid 1256] [client ::1:58348] PHP Warning:  require_once(__ROOT__/head.php): failed to open stream: No such file or directory in C:\\Users\\user\\Desktop\\USBW\\root\\kiakk\\index.php on line 4
[Fri Oct 27 09:38:35.449195 2023] [php7:error] [pid 8684:tid 1256] [client ::1:58348] PHP Fatal error:  require_once(): Failed opening required '__ROOT__/head.php' (include_path='.;C:\\php\\pear') in C:\\Users\\user\\Desktop\\USBW\\root\\kiakk\\index.php on line 4
[Fri Oct 27 09:38:36.000673 2023] [php7:notice] [pid 8684:tid 1236] [client ::1:58349] PHP Notice:  Use of undefined constant __ROOT__ - assumed '__ROOT__' in C:\\Users\\user\\Desktop\\USBW\\root\\kiakk\\index.php on line 4
[Fri Oct 27 09:38:36.001694 2023] [php7:warn] [pid 8684:tid 1236] [client ::1:58349] PHP Warning:  require_once(__ROOT__/head.php): failed to open stream: No such file or directory in C:\\Users\\user\\Desktop\\USBW\\root\\kiakk\\index.php on line 4
[Fri Oct 27 09:38:36.001694 2023] [php7:error] [pid 8684:tid 1236] [client ::1:58349] PHP Fatal error:  require_once(): Failed opening required '__ROOT__/head.php' (include_path='.;C:\\php\\pear') in C:\\Users\\user\\Desktop\\USBW\\root\\kiakk\\index.php on line 4
[Fri Oct 27 09:38:36.384782 2023] [php7:notice] [pid 8684:tid 1256] [client ::1:58350] PHP Notice:  Use of undefined constant __ROOT__ - assumed '__ROOT__' in C:\\Users\\user\\Desktop\\USBW\\root\\kiakk\\index.php on line 4
[Fri Oct 27 09:38:36.384782 2023] [php7:warn] [pid 8684:tid 1256] [client ::1:58350] PHP Warning:  require_once(__ROOT__/head.php): failed to open stream: No such file or directory in C:\\Users\\user\\Desktop\\USBW\\root\\kiakk\\index.php on line 4
[Fri Oct 27 09:38:36.384782 2023] [php7:error] [pid 8684:tid 1256] [client ::1:58350] PHP Fatal error:  require_once(): Failed opening required '__ROOT__/head.php' (include_path='.;C:\\php\\pear') in C:\\Users\\user\\Desktop\\USBW\\root\\kiakk\\index.php on line 4
[Fri Oct 27 09:38:36.698352 2023] [php7:notice] [pid 8684:tid 1236] [client ::1:58351] PHP Notice:  Use of undefined constant __ROOT__ - assumed '__ROOT__' in C:\\Users\\user\\Desktop\\USBW\\root\\kiakk\\index.php on line 4
[Fri Oct 27 09:38:36.698352 2023] [php7:warn] [pid 8684:tid 1236] [client ::1:58351] PHP Warning:  require_once(__ROOT__/head.php): failed to open stream: No such file or directory in C:\\Users\\user\\Desktop\\USBW\\root\\kiakk\\index.php on line 4
[Fri Oct 27 09:38:36.698352 2023] [php7:error] [pid 8684:tid 1236] [client ::1:58351] PHP Fatal error:  require_once(): Failed opening required '__ROOT__/head.php' (include_path='.;C:\\php\\pear') in C:\\Users\\user\\Desktop\\USBW\\root\\kiakk\\index.php on line 4
[Fri Oct 27 09:38:36.913220 2023] [php7:notice] [pid 8684:tid 1256] [client ::1:58352] PHP Notice:  Use of undefined constant __ROOT__ - assumed '__ROOT__' in C:\\Users\\user\\Desktop\\USBW\\root\\kiakk\\index.php on line 4
[Fri Oct 27 09:38:36.914218 2023] [php7:warn] [pid 8684:tid 1256] [client ::1:58352] PHP Warning:  require_once(__ROOT__/head.php): failed to open stream: No such file or directory in C:\\Users\\user\\Desktop\\USBW\\root\\kiakk\\index.php on line 4
[Fri Oct 27 09:38:36.914218 2023] [php7:error] [pid 8684:tid 1256] [client ::1:58352] PHP Fatal error:  require_once(): Failed opening required '__ROOT__/head.php' (include_path='.;C:\\php\\pear') in C:\\Users\\user\\Desktop\\USBW\\root\\kiakk\\index.php on line 4
[Fri Oct 27 09:38:37.096017 2023] [php7:notice] [pid 8684:tid 1236] [client ::1:58353] PHP Notice:  Use of undefined constant __ROOT__ - assumed '__ROOT__' in C:\\Users\\user\\Desktop\\USBW\\root\\kiakk\\index.php on line 4
[Fri Oct 27 09:38:37.097015 2023] [php7:warn] [pid 8684:tid 1236] [client ::1:58353] PHP Warning:  require_once(__ROOT__/head.php): failed to open stream: No such file or directory in C:\\Users\\user\\Desktop\\USBW\\root\\kiakk\\index.php on line 4
[Fri Oct 27 09:38:37.097015 2023] [php7:error] [pid 8684:tid 1236] [client ::1:58353] PHP Fatal error:  require_once(): Failed opening required '__ROOT__/head.php' (include_path='.;C:\\php\\pear') in C:\\Users\\user\\Desktop\\USBW\\root\\kiakk\\index.php on line 4
[Fri Oct 27 09:38:37.273235 2023] [php7:notice] [pid 8684:tid 1256] [client ::1:58354] PHP Notice:  Use of undefined constant __ROOT__ - assumed '__ROOT__' in C:\\Users\\user\\Desktop\\USBW\\root\\kiakk\\index.php on line 4
[Fri Oct 27 09:38:37.273235 2023] [php7:warn] [pid 8684:tid 1256] [client ::1:58354] PHP Warning:  require_once(__ROOT__/head.php): failed to open stream: No such file or directory in C:\\Users\\user\\Desktop\\USBW\\root\\kiakk\\index.php on line 4
[Fri Oct 27 09:38:37.273235 2023] [php7:error] [pid 8684:tid 1256] [client ::1:58354] PHP Fatal error:  require_once(): Failed opening required '__ROOT__/head.php' (include_path='.;C:\\php\\pear') in C:\\Users\\user\\Desktop\\USBW\\root\\kiakk\\index.php on line 4
[Fri Oct 27 09:38:37.456175 2023] [php7:notice] [pid 8684:tid 1236] [client ::1:58355] PHP Notice:  Use of undefined constant __ROOT__ - assumed '__ROOT__' in C:\\Users\\user\\Desktop\\USBW\\root\\kiakk\\index.php on line 4
[Fri Oct 27 09:38:37.457200 2023] [php7:warn] [pid 8684:tid 1236] [client ::1:58355] PHP Warning:  require_once(__ROOT__/head.php): failed to open stream: No such file or directory in C:\\Users\\user\\Desktop\\USBW\\root\\kiakk\\index.php on line 4
[Fri Oct 27 09:38:37.457200 2023] [php7:error] [pid 8684:tid 1236] [client ::1:58355] PHP Fatal error:  require_once(): Failed opening required '__ROOT__/head.php' (include_path='.;C:\\php\\pear') in C:\\Users\\user\\Desktop\\USBW\\root\\kiakk\\index.php on line 4
[Fri Oct 27 09:38:37.649422 2023] [php7:notice] [pid 8684:tid 1256] [client ::1:58356] PHP Notice:  Use of undefined constant __ROOT__ - assumed '__ROOT__' in C:\\Users\\user\\Desktop\\USBW\\root\\kiakk\\index.php on line 4
[Fri Oct 27 09:38:37.649422 2023] [php7:warn] [pid 8684:tid 1256] [client ::1:58356] PHP Warning:  require_once(__ROOT__/head.php): failed to open stream: No such file or directory in C:\\Users\\user\\Desktop\\USBW\\root\\kiakk\\index.php on line 4
[Fri Oct 27 09:38:37.649422 2023] [php7:error] [pid 8684:tid 1256] [client ::1:58356] PHP Fatal error:  require_once(): Failed opening required '__ROOT__/head.php' (include_path='.;C:\\php\\pear') in C:\\Users\\user\\Desktop\\USBW\\root\\kiakk\\index.php on line 4
[Fri Oct 27 09:38:37.824297 2023] [php7:notice] [pid 8684:tid 1236] [client ::1:58357] PHP Notice:  Use of undefined constant __ROOT__ - assumed '__ROOT__' in C:\\Users\\user\\Desktop\\USBW\\root\\kiakk\\index.php on line 4
[Fri Oct 27 09:38:37.825291 2023] [php7:warn] [pid 8684:tid 1236] [client ::1:58357] PHP Warning:  require_once(__ROOT__/head.php): failed to open stream: No such file or directory in C:\\Users\\user\\Desktop\\USBW\\root\\kiakk\\index.php on line 4
[Fri Oct 27 09:38:37.825291 2023] [php7:error] [pid 8684:tid 1236] [client ::1:58357] PHP Fatal error:  require_once(): Failed opening required '__ROOT__/head.php' (include_path='.;C:\\php\\pear') in C:\\Users\\user\\Desktop\\USBW\\root\\kiakk\\index.php on line 4
[Fri Oct 27 09:38:37.993204 2023] [php7:notice] [pid 8684:tid 1256] [client ::1:58358] PHP Notice:  Use of undefined constant __ROOT__ - assumed '__ROOT__' in C:\\Users\\user\\Desktop\\USBW\\root\\kiakk\\index.php on line 4
[Fri Oct 27 09:38:37.993204 2023] [php7:warn] [pid 8684:tid 1256] [client ::1:58358] PHP Warning:  require_once(__ROOT__/head.php): failed to open stream: No such file or directory in C:\\Users\\user\\Desktop\\USBW\\root\\kiakk\\index.php on line 4
[Fri Oct 27 09:38:37.993204 2023] [php7:error] [pid 8684:tid 1256] [client ::1:58358] PHP Fatal error:  require_once(): Failed opening required '__ROOT__/head.php' (include_path='.;C:\\php\\pear') in C:\\Users\\user\\Desktop\\USBW\\root\\kiakk\\index.php on line 4
[Fri Oct 27 09:38:38.169955 2023] [php7:notice] [pid 8684:tid 1236] [client ::1:58359] PHP Notice:  Use of undefined constant __ROOT__ - assumed '__ROOT__' in C:\\Users\\user\\Desktop\\USBW\\root\\kiakk\\index.php on line 4
[Fri Oct 27 09:38:38.170951 2023] [php7:warn] [pid 8684:tid 1236] [client ::1:58359] PHP Warning:  require_once(__ROOT__/head.php): failed to open stream: No such file or directory in C:\\Users\\user\\Desktop\\USBW\\root\\kiakk\\index.php on line 4
[Fri Oct 27 09:38:38.170951 2023] [php7:error] [pid 8684:tid 1236] [client ::1:58359] PHP Fatal error:  require_once(): Failed opening required '__ROOT__/head.php' (include_path='.;C:\\php\\pear') in C:\\Users\\user\\Desktop\\USBW\\root\\kiakk\\index.php on line 4
[Fri Oct 27 09:38:38.370645 2023] [php7:notice] [pid 8684:tid 1256] [client ::1:58360] PHP Notice:  Use of undefined constant __ROOT__ - assumed '__ROOT__' in C:\\Users\\user\\Desktop\\USBW\\root\\kiakk\\index.php on line 4
[Fri Oct 27 09:38:38.370645 2023] [php7:warn] [pid 8684:tid 1256] [client ::1:58360] PHP Warning:  require_once(__ROOT__/head.php): failed to open stream: No such file or directory in C:\\Users\\user\\Desktop\\USBW\\root\\kiakk\\index.php on line 4
[Fri Oct 27 09:38:38.370645 2023] [php7:error] [pid 8684:tid 1256] [client ::1:58360] PHP Fatal error:  require_once(): Failed opening required '__ROOT__/head.php' (include_path='.;C:\\php\\pear') in C:\\Users\\user\\Desktop\\USBW\\root\\kiakk\\index.php on line 4
