2023-05-15 07:11:48 11824 [Note] Plugin 'FEDERATED' is disabled.
2023-05-15 07:11:48 11824 [Note] InnoDB: Using atomics to ref count buffer pool pages
2023-05-15 07:11:48 11824 [Note] InnoDB: The InnoDB memory heap is disabled
2023-05-15 07:11:48 11824 [Note] InnoDB: Mutexes and rw_locks use Windows interlocked functions
2023-05-15 07:11:48 11824 [Note] InnoDB: Memory barrier is not used
2023-05-15 07:11:48 11824 [Note] InnoDB: Compressed tables use zlib 1.2.3
2023-05-15 07:11:48 11824 [Note] InnoDB: Not using CPU crc32 instructions
2023-05-15 07:11:48 11824 [Note] InnoDB: Initializing buffer pool, size = 128.0M
2023-05-15 07:11:48 11824 [Note] InnoDB: Completed initialization of buffer pool
2023-05-15 07:11:48 11824 [Note] InnoDB: Setting log file C:\usbwebserver\mysql\data\ib_logfile101 size to 5 MB
2023-05-15 07:11:48 11824 [Note] InnoDB: Setting log file C:\usbwebserver\mysql\data\ib_logfile1 size to 5 MB
2023-05-15 07:11:48 11824 [Note] InnoDB: Renaming log file C:\usbwebserver\mysql\data\ib_logfile101 to C:\usbwebserver\mysql\data\ib_logfile0
2023-05-15 07:11:48 11824 [Warning] InnoDB: New log files created, LSN=1626134
2023-05-15 07:11:48 11824 [Note] InnoDB: Highest supported file format is Barracuda.
2023-05-15 07:11:48 2d50 InnoDB: Error: page 5 log sequence number 1626646
InnoDB: is in the future! Current system log sequence number 1626636.
InnoDB: Your database may be corrupt or you may have copied the InnoDB
InnoDB: tablespace but not the InnoDB log files. See
InnoDB: http://dev.mysql.com/doc/refman/5.6/en/forcing-innodb-recovery.html
InnoDB: for more information.
2023-05-15 07:11:48 11824 [Note] InnoDB: 128 rollback segment(s) are active.
2023-05-15 07:11:48 11824 [Note] InnoDB: Waiting for purge to start
2023-05-15 07:11:49 11824 [Note] InnoDB: Waiting for purge to start
2023-05-15 07:11:49 11824 [Note] InnoDB: Waiting for purge to start
2023-05-15 07:11:49 11824 [Note] InnoDB: Waiting for purge to start
2023-05-15 07:11:49 11824 [Note] InnoDB: Waiting for purge to start
2023-05-15 07:11:49 11824 [Note] InnoDB: Waiting for purge to start
2023-05-15 07:11:49 11824 [Note] InnoDB: 5.6.34 started; log sequence number 1626636
2023-05-15 07:11:49 11824 [Warning] No existing UUID has been found, so we assume that this is the first time that this server has been started. Generating a new UUID: ff3cd1a0-f2de-11ed-a7e9-74e6e2d69ebf.
2023-05-15 07:11:49 11824 [Note] Server hostname (bind-address): '*'; port: 3306
2023-05-15 07:11:49 11824 [Note] IPv6 is available.
2023-05-15 07:11:49 11824 [Note]   - '::' resolves to '::';
2023-05-15 07:11:49 11824 [Note] Server socket created on IP: '::'.
2023-05-15 07:11:50 10460 [Note] Plugin 'FEDERATED' is disabled.
2023-05-15 07:11:50 10460 [Note] InnoDB: Using atomics to ref count buffer pool pages
2023-05-15 07:11:50 10460 [Note] InnoDB: The InnoDB memory heap is disabled
2023-05-15 07:11:50 10460 [Note] InnoDB: Mutexes and rw_locks use Windows interlocked functions
2023-05-15 07:11:50 10460 [Note] InnoDB: Memory barrier is not used
2023-05-15 07:11:50 10460 [Note] InnoDB: Compressed tables use zlib 1.2.3
2023-05-15 07:11:50 10460 [Note] InnoDB: Not using CPU crc32 instructions
2023-05-15 07:11:50 10460 [Note] InnoDB: Initializing buffer pool, size = 128.0M
2023-05-15 07:11:50 10460 [Note] InnoDB: Completed initialization of buffer pool
2023-05-15 07:11:50 10460 [ERROR] InnoDB: C:\usbwebserver\mysql\data\ibdata1 can't be opened in read-write mode
2023-05-15 07:11:50 10460 [ERROR] InnoDB: The system tablespace must be writable!
2023-05-15 07:11:50 10460 [ERROR] Plugin 'InnoDB' init function returned error.
2023-05-15 07:11:50 10460 [ERROR] Plugin 'InnoDB' registration as a STORAGE ENGINE failed.
2023-05-15 07:11:50 10460 [ERROR] Unknown/unsupported storage engine: InnoDB
2023-05-15 07:11:50 10460 [ERROR] Aborting

2023-05-15 07:11:50 10460 [Note] Binlog end
2023-05-15 07:11:50 10460 [Note] Shutting down plugin 'partition'
2023-05-15 07:11:50 10460 [Note] Shutting down plugin 'PERFORMANCE_SCHEMA'
2023-05-15 07:11:50 10460 [Note] Shutting down plugin 'INNODB_SYS_DATAFILES'
2023-05-15 07:11:50 10460 [Note] Shutting down plugin 'INNODB_SYS_TABLESPACES'
2023-05-15 07:11:50 10460 [Note] Shutting down plugin 'INNODB_SYS_FOREIGN_COLS'
2023-05-15 07:11:50 10460 [Note] Shutting down plugin 'INNODB_SYS_FOREIGN'
2023-05-15 07:11:50 10460 [Note] Shutting down plugin 'INNODB_SYS_FIELDS'
2023-05-15 07:11:50 10460 [Note] Shutting down plugin 'INNODB_SYS_COLUMNS'
2023-05-15 07:11:50 10460 [Note] Shutting down plugin 'INNODB_SYS_INDEXES'
2023-05-15 07:11:50 10460 [Note] Shutting down plugin 'INNODB_SYS_TABLESTATS'
2023-05-15 07:11:50 10460 [Note] Shutting down plugin 'INNODB_SYS_TABLES'
2023-05-15 07:11:50 10460 [Note] Shutting down plugin 'INNODB_FT_INDEX_TABLE'
2023-05-15 07:11:50 10460 [Note] Shutting down plugin 'INNODB_FT_INDEX_CACHE'
2023-05-15 07:11:50 10460 [Note] Shutting down plugin 'INNODB_FT_CONFIG'
2023-05-15 07:11:50 10460 [Note] Shutting down plugin 'INNODB_FT_BEING_DELETED'
2023-05-15 07:11:50 10460 [Note] Shutting down plugin 'INNODB_FT_DELETED'
2023-05-15 07:11:50 10460 [Note] Shutting down plugin 'INNODB_FT_DEFAULT_STOPWORD'
2023-05-15 07:11:50 10460 [Note] Shutting down plugin 'INNODB_METRICS'
2023-05-15 07:11:50 10460 [Note] Shutting down plugin 'INNODB_BUFFER_POOL_STATS'
2023-05-15 07:11:50 10460 [Note] Shutting down plugin 'INNODB_BUFFER_PAGE_LRU'
2023-05-15 07:11:50 10460 [Note] Shutting down plugin 'INNODB_BUFFER_PAGE'
2023-05-15 07:11:50 10460 [Note] Shutting down plugin 'INNODB_CMP_PER_INDEX_RESET'
2023-05-15 07:11:50 10460 [Note] Shutting down plugin 'INNODB_CMP_PER_INDEX'
2023-05-15 07:11:50 10460 [Note] Shutting down plugin 'INNODB_CMPMEM_RESET'
2023-05-15 07:11:50 10460 [Note] Shutting down plugin 'INNODB_CMPMEM'
2023-05-15 07:11:50 10460 [Note] Shutting down plugin 'INNODB_CMP_RESET'
2023-05-15 07:11:50 10460 [Note] Shutting down plugin 'INNODB_CMP'
2023-05-15 07:11:50 10460 [Note] Shutting down plugin 'INNODB_LOCK_WAITS'
2023-05-15 07:11:50 10460 [Note] Shutting down plugin 'INNODB_LOCKS'
2023-05-15 07:11:50 10460 [Note] Shutting down plugin 'INNODB_TRX'
2023-05-15 07:11:50 10460 [Note] Shutting down plugin 'BLACKHOLE'
2023-05-15 07:11:50 10460 [Note] Shutting down plugin 'ARCHIVE'
2023-05-15 07:11:50 10460 [Note] Shutting down plugin 'MRG_MYISAM'
2023-05-15 07:11:50 10460 [Note] Shutting down plugin 'MyISAM'
2023-05-15 07:11:50 10460 [Note] Shutting down plugin 'MEMORY'
2023-05-15 07:11:50 10460 [Note] Shutting down plugin 'CSV'
2023-05-15 07:11:50 10460 [Note] Shutting down plugin 'sha256_password'
2023-05-15 07:11:50 10460 [Note] Shutting down plugin 'mysql_old_password'
2023-05-15 07:11:50 10460 [Note] Shutting down plugin 'mysql_native_password'
2023-05-15 07:11:50 10460 [Note] Shutting down plugin 'binlog'
2023-05-15 07:11:50 10460 [Note] C:\usbwebserver/mysql/bin/mysqld_usbwv8.exe: Shutdown complete

2023-05-15 07:23:56 6448 [Note] Plugin 'FEDERATED' is disabled.
2023-05-15 07:23:56 6448 [Note] InnoDB: Using atomics to ref count buffer pool pages
2023-05-15 07:23:56 6448 [Note] InnoDB: The InnoDB memory heap is disabled
2023-05-15 07:23:56 6448 [Note] InnoDB: Mutexes and rw_locks use Windows interlocked functions
2023-05-15 07:23:56 6448 [Note] InnoDB: Memory barrier is not used
2023-05-15 07:23:56 6448 [Note] InnoDB: Compressed tables use zlib 1.2.3
2023-05-15 07:23:56 6448 [Note] InnoDB: Not using CPU crc32 instructions
2023-05-15 07:23:56 6448 [Note] InnoDB: Initializing buffer pool, size = 128.0M
2023-05-15 07:23:56 6448 [Note] InnoDB: Completed initialization of buffer pool
2023-05-15 07:23:56 6448 [Note] InnoDB: Highest supported file format is Barracuda.
2023-05-15 07:23:56 6448 [Note] InnoDB: The log sequence numbers 1626134 and 1626134 in ibdata files do not match the log sequence number 1626646 in the ib_logfiles!
2023-05-15 07:23:56 6448 [Note] InnoDB: Database was not shutdown normally!
2023-05-15 07:23:56 6448 [Note] InnoDB: Starting crash recovery.
2023-05-15 07:23:56 6448 [Note] InnoDB: Reading tablespace information from the .ibd files...
2023-05-15 07:23:56 6448 [Note] InnoDB: Restoring possible half-written data pages 
2023-05-15 07:23:56 6448 [Note] InnoDB: from the doublewrite buffer...
2023-05-15 07:23:56 6448 [Note] InnoDB: 128 rollback segment(s) are active.
2023-05-15 07:23:56 6448 [Note] InnoDB: Waiting for purge to start
2023-05-15 07:23:56 6448 [Note] InnoDB: 5.6.34 started; log sequence number 1626646
2023-05-15 07:23:56 6448 [Note] Server hostname (bind-address): '*'; port: 3306
2023-05-15 07:23:56 6448 [Note] IPv6 is available.
2023-05-15 07:23:56 6448 [Note]   - '::' resolves to '::';
2023-05-15 07:23:56 6448 [Note] Server socket created on IP: '::'.
2023-05-15 11:38:24 10856 [Note] Plugin 'FEDERATED' is disabled.
2023-05-15 11:38:24 10856 [Note] InnoDB: Using atomics to ref count buffer pool pages
2023-05-15 11:38:24 10856 [Note] InnoDB: The InnoDB memory heap is disabled
2023-05-15 11:38:24 10856 [Note] InnoDB: Mutexes and rw_locks use Windows interlocked functions
2023-05-15 11:38:24 10856 [Note] InnoDB: Memory barrier is not used
2023-05-15 11:38:24 10856 [Note] InnoDB: Compressed tables use zlib 1.2.3
2023-05-15 11:38:24 10856 [Note] InnoDB: Not using CPU crc32 instructions
2023-05-15 11:38:24 10856 [Note] InnoDB: Initializing buffer pool, size = 128.0M
2023-05-15 11:38:24 10856 [Note] InnoDB: Completed initialization of buffer pool
2023-05-15 11:38:24 10856 [Note] InnoDB: Highest supported file format is Barracuda.
2023-05-15 11:38:24 10856 [Note] InnoDB: The log sequence numbers 1626134 and 1626134 in ibdata files do not match the log sequence number 1632244 in the ib_logfiles!
2023-05-15 11:38:24 10856 [Note] InnoDB: Database was not shutdown normally!
2023-05-15 11:38:24 10856 [Note] InnoDB: Starting crash recovery.
2023-05-15 11:38:24 10856 [Note] InnoDB: Reading tablespace information from the .ibd files...
2023-05-15 11:38:24 10856 [Note] InnoDB: Restoring possible half-written data pages 
2023-05-15 11:38:24 10856 [Note] InnoDB: from the doublewrite buffer...
2023-05-15 11:38:24 10856 [Note] InnoDB: 128 rollback segment(s) are active.
2023-05-15 11:38:24 10856 [Note] InnoDB: Waiting for purge to start
2023-05-15 11:38:25 10856 [Note] InnoDB: 5.6.34 started; log sequence number 1632244
2023-05-15 11:38:25 10856 [Note] Server hostname (bind-address): '*'; port: 3306
2023-05-15 11:38:25 10856 [Note] IPv6 is available.
2023-05-15 11:38:25 10856 [Note]   - '::' resolves to '::';
2023-05-15 11:38:25 10856 [Note] Server socket created on IP: '::'.
2023-05-16 08:26:57 8408 [Note] Plugin 'FEDERATED' is disabled.
2023-05-16 08:26:57 8408 [Note] InnoDB: Using atomics to ref count buffer pool pages
2023-05-16 08:26:57 8408 [Note] InnoDB: The InnoDB memory heap is disabled
2023-05-16 08:26:57 8408 [Note] InnoDB: Mutexes and rw_locks use Windows interlocked functions
2023-05-16 08:26:57 8408 [Note] InnoDB: Memory barrier is not used
2023-05-16 08:26:57 8408 [Note] InnoDB: Compressed tables use zlib 1.2.3
2023-05-16 08:26:57 8408 [Note] InnoDB: Not using CPU crc32 instructions
2023-05-16 08:26:57 8408 [Note] InnoDB: Initializing buffer pool, size = 128.0M
2023-05-16 08:26:57 8408 [Note] InnoDB: Completed initialization of buffer pool
2023-05-16 08:26:57 8408 [Note] InnoDB: Highest supported file format is Barracuda.
2023-05-16 08:26:57 8408 [Note] InnoDB: The log sequence numbers 1626134 and 1626134 in ibdata files do not match the log sequence number 1638952 in the ib_logfiles!
2023-05-16 08:26:57 8408 [Note] InnoDB: Database was not shutdown normally!
2023-05-16 08:26:57 8408 [Note] InnoDB: Starting crash recovery.
2023-05-16 08:26:57 8408 [Note] InnoDB: Reading tablespace information from the .ibd files...
2023-05-16 08:26:57 8408 [Note] InnoDB: Restoring possible half-written data pages 
2023-05-16 08:26:57 8408 [Note] InnoDB: from the doublewrite buffer...
2023-05-16 08:26:58 8408 [Note] InnoDB: 128 rollback segment(s) are active.
2023-05-16 08:26:58 8408 [Note] InnoDB: Waiting for purge to start
2023-05-16 08:26:58 8408 [Note] InnoDB: Waiting for purge to start
2023-05-16 08:26:58 8408 [Note] InnoDB: 5.6.34 started; log sequence number 1638952
2023-05-16 08:26:58 8408 [Note] Server hostname (bind-address): '*'; port: 3306
2023-05-16 08:26:58 8408 [Note] IPv6 is available.
2023-05-16 08:26:58 8408 [Note]   - '::' resolves to '::';
2023-05-16 08:26:58 8408 [Note] Server socket created on IP: '::'.
2023-05-17 07:58:01 5016 [Note] Plugin 'FEDERATED' is disabled.
2023-05-17 07:58:01 5016 [Note] InnoDB: Using atomics to ref count buffer pool pages
2023-05-17 07:58:01 5016 [Note] InnoDB: The InnoDB memory heap is disabled
2023-05-17 07:58:01 5016 [Note] InnoDB: Mutexes and rw_locks use Windows interlocked functions
2023-05-17 07:58:01 5016 [Note] InnoDB: Memory barrier is not used
2023-05-17 07:58:01 5016 [Note] InnoDB: Compressed tables use zlib 1.2.3
2023-05-17 07:58:01 5016 [Note] InnoDB: Not using CPU crc32 instructions
2023-05-17 07:58:01 5016 [Note] InnoDB: Initializing buffer pool, size = 128.0M
2023-05-17 07:58:01 5016 [Note] InnoDB: Completed initialization of buffer pool
2023-05-17 07:58:01 5016 [Note] InnoDB: Highest supported file format is Barracuda.
2023-05-17 07:58:01 5016 [Note] InnoDB: The log sequence numbers 1626134 and 1626134 in ibdata files do not match the log sequence number 1741497 in the ib_logfiles!
2023-05-17 07:58:01 5016 [Note] InnoDB: Database was not shutdown normally!
2023-05-17 07:58:01 5016 [Note] InnoDB: Starting crash recovery.
2023-05-17 07:58:01 5016 [Note] InnoDB: Reading tablespace information from the .ibd files...
2023-05-17 07:58:01 5016 [Note] InnoDB: Restoring possible half-written data pages 
2023-05-17 07:58:01 5016 [Note] InnoDB: from the doublewrite buffer...
2023-05-17 07:58:01 5016 [Note] InnoDB: 128 rollback segment(s) are active.
2023-05-17 07:58:01 5016 [Note] InnoDB: Waiting for purge to start
2023-05-17 07:58:01 5016 [Note] InnoDB: 5.6.34 started; log sequence number 1741497
2023-05-17 07:58:01 5016 [Note] Server hostname (bind-address): '*'; port: 3306
2023-05-17 07:58:01 5016 [Note] IPv6 is available.
2023-05-17 07:58:01 5016 [Note]   - '::' resolves to '::';
2023-05-17 07:58:01 5016 [Note] Server socket created on IP: '::'.
2023-05-18 07:41:37 5420 [Note] Plugin 'FEDERATED' is disabled.
2023-05-18 07:41:37 5420 [Note] InnoDB: Using atomics to ref count buffer pool pages
2023-05-18 07:41:37 5420 [Note] InnoDB: The InnoDB memory heap is disabled
2023-05-18 07:41:37 5420 [Note] InnoDB: Mutexes and rw_locks use Windows interlocked functions
2023-05-18 07:41:37 5420 [Note] InnoDB: Memory barrier is not used
2023-05-18 07:41:37 5420 [Note] InnoDB: Compressed tables use zlib 1.2.3
2023-05-18 07:41:37 5420 [Note] InnoDB: Not using CPU crc32 instructions
2023-05-18 07:41:37 5420 [Note] InnoDB: Initializing buffer pool, size = 128.0M
2023-05-18 07:41:37 5420 [Note] InnoDB: Completed initialization of buffer pool
2023-05-18 07:41:37 5420 [Note] InnoDB: Highest supported file format is Barracuda.
2023-05-18 07:41:37 5420 [Note] InnoDB: The log sequence numbers 1626134 and 1626134 in ibdata files do not match the log sequence number 1741507 in the ib_logfiles!
2023-05-18 07:41:37 5420 [Note] InnoDB: Database was not shutdown normally!
2023-05-18 07:41:37 5420 [Note] InnoDB: Starting crash recovery.
2023-05-18 07:41:37 5420 [Note] InnoDB: Reading tablespace information from the .ibd files...
2023-05-18 07:41:37 5420 [Note] InnoDB: Restoring possible half-written data pages 
2023-05-18 07:41:37 5420 [Note] InnoDB: from the doublewrite buffer...
2023-05-18 07:41:37 5420 [Note] InnoDB: 128 rollback segment(s) are active.
2023-05-18 07:41:37 5420 [Note] InnoDB: Waiting for purge to start
2023-05-18 07:41:37 5420 [Note] InnoDB: 5.6.34 started; log sequence number 1741507
2023-05-18 07:41:38 5420 [Note] Server hostname (bind-address): '*'; port: 3306
2023-05-18 07:41:38 5420 [Note] IPv6 is available.
2023-05-18 07:41:38 5420 [Note]   - '::' resolves to '::';
2023-05-18 07:41:38 5420 [Note] Server socket created on IP: '::'.
2023-05-19 07:58:31 9744 [Note] Plugin 'FEDERATED' is disabled.
2023-05-19 07:58:31 9744 [Note] InnoDB: Using atomics to ref count buffer pool pages
2023-05-19 07:58:31 9744 [Note] InnoDB: The InnoDB memory heap is disabled
2023-05-19 07:58:31 9744 [Note] InnoDB: Mutexes and rw_locks use Windows interlocked functions
2023-05-19 07:58:31 9744 [Note] InnoDB: Memory barrier is not used
2023-05-19 07:58:31 9744 [Note] InnoDB: Compressed tables use zlib 1.2.3
2023-05-19 07:58:31 9744 [Note] InnoDB: Not using CPU crc32 instructions
2023-05-19 07:58:31 9744 [Note] InnoDB: Initializing buffer pool, size = 128.0M
2023-05-19 07:58:32 9744 [Note] InnoDB: Completed initialization of buffer pool
2023-05-19 07:58:32 9744 [Note] InnoDB: Highest supported file format is Barracuda.
2023-05-19 07:58:32 9744 [Note] InnoDB: The log sequence numbers 1626134 and 1626134 in ibdata files do not match the log sequence number 1830462 in the ib_logfiles!
2023-05-19 07:58:32 9744 [Note] InnoDB: Database was not shutdown normally!
2023-05-19 07:58:32 9744 [Note] InnoDB: Starting crash recovery.
2023-05-19 07:58:32 9744 [Note] InnoDB: Reading tablespace information from the .ibd files...
2023-05-19 07:58:32 9744 [Note] InnoDB: Restoring possible half-written data pages 
2023-05-19 07:58:33 9744 [Note] InnoDB: from the doublewrite buffer...
2023-05-19 07:58:33 9744 [Note] InnoDB: 128 rollback segment(s) are active.
2023-05-19 07:58:33 9744 [Note] InnoDB: Waiting for purge to start
2023-05-19 07:58:33 9744 [Note] InnoDB: Waiting for purge to start
2023-05-19 07:58:33 9744 [Note] InnoDB: Waiting for purge to start
2023-05-19 07:58:33 9744 [Note] InnoDB: Waiting for purge to start
2023-05-19 07:58:33 9744 [Note] InnoDB: 5.6.34 started; log sequence number 1830462
2023-05-19 07:58:33 9744 [Note] Server hostname (bind-address): '*'; port: 3306
2023-05-19 07:58:33 9744 [Note] IPv6 is available.
2023-05-19 07:58:33 9744 [Note]   - '::' resolves to '::';
2023-05-19 07:58:33 9744 [Note] Server socket created on IP: '::'.
2023-10-26 11:03:56 13956 [Note] Plugin 'FEDERATED' is disabled.
2023-10-26 11:03:56 13956 [Note] InnoDB: Using atomics to ref count buffer pool pages
2023-10-26 11:03:56 13956 [Note] InnoDB: The InnoDB memory heap is disabled
2023-10-26 11:03:56 13956 [Note] InnoDB: Mutexes and rw_locks use Windows interlocked functions
2023-10-26 11:03:56 13956 [Note] InnoDB: Memory barrier is not used
2023-10-26 11:03:56 13956 [Note] InnoDB: Compressed tables use zlib 1.2.3
2023-10-26 11:03:56 13956 [Note] InnoDB: Not using CPU crc32 instructions
2023-10-26 11:03:56 13956 [Note] InnoDB: Initializing buffer pool, size = 128.0M
2023-10-26 11:03:56 13956 [Note] InnoDB: Completed initialization of buffer pool
2023-10-26 11:03:56 13956 [Note] InnoDB: Highest supported file format is Barracuda.
2023-10-26 11:03:56 13956 [Note] InnoDB: The log sequence numbers 1626134 and 1626134 in ibdata files do not match the log sequence number 27011758 in the ib_logfiles!
2023-10-26 11:03:56 13956 [Note] InnoDB: Database was not shutdown normally!
2023-10-26 11:03:56 13956 [Note] InnoDB: Starting crash recovery.
2023-10-26 11:03:56 13956 [Note] InnoDB: Reading tablespace information from the .ibd files...
2023-10-26 11:03:57 13956 [Note] InnoDB: Restoring possible half-written data pages 
2023-10-26 11:03:57 13956 [Note] InnoDB: from the doublewrite buffer...
2023-10-26 11:03:58 13956 [Note] InnoDB: 128 rollback segment(s) are active.
2023-10-26 11:03:58 13956 [Note] InnoDB: Waiting for purge to start
2023-10-26 11:03:58 13956 [Note] InnoDB: 5.6.34 started; log sequence number 27011758
2023-10-26 11:03:58 13956 [Note] Server hostname (bind-address): '*'; port: 3306
2023-10-26 11:03:58 13956 [Note] IPv6 is available.
2023-10-26 11:03:58 13956 [Note]   - '::' resolves to '::';
2023-10-26 11:03:58 13956 [Note] Server socket created on IP: '::'.
