2023-10-27 20:05:17 2528 [Note] Plugin 'FEDERATED' is disabled.
2023-10-27 20:05:17 2528 [Note] InnoDB: Using atomics to ref count buffer pool pages
2023-10-27 20:05:17 2528 [Note] InnoDB: The InnoDB memory heap is disabled
2023-10-27 20:05:17 2528 [Note] InnoDB: Mutexes and rw_locks use Windows interlocked functions
2023-10-27 20:05:17 2528 [Note] InnoDB: Memory barrier is not used
2023-10-27 20:05:17 2528 [Note] InnoDB: Compressed tables use zlib 1.2.3
2023-10-27 20:05:17 2528 [Note] InnoDB: Not using CPU crc32 instructions
2023-10-27 20:05:17 2528 [Note] InnoDB: Initializing buffer pool, size = 128.0M
2023-10-27 20:05:17 2528 [Note] InnoDB: Completed initialization of buffer pool
2023-10-27 20:05:17 2528 [Note] InnoDB: Highest supported file format is Barracuda.
2023-10-27 20:05:17 2528 [Note] InnoDB: The log sequence numbers 1626134 and 1626134 in ibdata files do not match the log sequence number 27011818 in the ib_logfiles!
2023-10-27 20:05:17 2528 [Note] InnoDB: Database was not shutdown normally!
2023-10-27 20:05:17 2528 [Note] InnoDB: Starting crash recovery.
2023-10-27 20:05:17 2528 [Note] InnoDB: Reading tablespace information from the .ibd files...
2023-10-27 20:05:17 2528 [Note] InnoDB: Restoring possible half-written data pages 
2023-10-27 20:05:17 2528 [Note] InnoDB: from the doublewrite buffer...
2023-10-27 20:05:17 2528 [Note] InnoDB: 128 rollback segment(s) are active.
2023-10-27 20:05:17 2528 [Note] InnoDB: Waiting for purge to start
2023-10-27 20:05:17 2528 [Note] InnoDB: 5.6.34 started; log sequence number 27011818
2023-10-27 20:05:18 2528 [Note] Server hostname (bind-address): '*'; port: 3306
2023-10-27 20:05:18 2528 [Note] IPv6 is available.
2023-10-27 20:05:18 2528 [Note]   - '::' resolves to '::';
2023-10-27 20:05:18 2528 [Note] Server socket created on IP: '::'.
2023-10-28 14:46:25 14612 [Note] Plugin 'FEDERATED' is disabled.
2023-10-28 14:46:25 14612 [Note] InnoDB: Using atomics to ref count buffer pool pages
2023-10-28 14:46:25 14612 [Note] InnoDB: The InnoDB memory heap is disabled
2023-10-28 14:46:25 14612 [Note] InnoDB: Mutexes and rw_locks use Windows interlocked functions
2023-10-28 14:46:25 14612 [Note] InnoDB: Memory barrier is not used
2023-10-28 14:46:25 14612 [Note] InnoDB: Compressed tables use zlib 1.2.3
2023-10-28 14:46:25 14612 [Note] InnoDB: Not using CPU crc32 instructions
2023-10-28 14:46:25 14612 [Note] InnoDB: Initializing buffer pool, size = 128.0M
2023-10-28 14:46:25 14612 [Note] InnoDB: Completed initialization of buffer pool
2023-10-28 14:46:25 14612 [Note] InnoDB: Highest supported file format is Barracuda.
2023-10-28 14:46:25 14612 [Note] InnoDB: The log sequence numbers 1626134 and 1626134 in ibdata files do not match the log sequence number 27011838 in the ib_logfiles!
2023-10-28 14:46:25 14612 [Note] InnoDB: Database was not shutdown normally!
2023-10-28 14:46:25 14612 [Note] InnoDB: Starting crash recovery.
2023-10-28 14:46:25 14612 [Note] InnoDB: Reading tablespace information from the .ibd files...
2023-10-28 14:46:25 14612 [Note] InnoDB: Restoring possible half-written data pages 
2023-10-28 14:46:25 14612 [Note] InnoDB: from the doublewrite buffer...
2023-10-28 14:46:25 14612 [Note] InnoDB: 128 rollback segment(s) are active.
2023-10-28 14:46:25 14612 [Note] InnoDB: Waiting for purge to start
2023-10-28 14:46:26 14612 [Note] InnoDB: 5.6.34 started; log sequence number 27011838
2023-10-28 14:46:26 14612 [Note] Server hostname (bind-address): '*'; port: 3306
2023-10-28 14:46:26 14612 [Note] IPv6 is available.
2023-10-28 14:46:26 14612 [Note]   - '::' resolves to '::';
2023-10-28 14:46:26 14612 [Note] Server socket created on IP: '::'.
2023-10-29 12:04:29 15780 [Note] Plugin 'FEDERATED' is disabled.
2023-10-29 12:04:29 15780 [Note] InnoDB: Using atomics to ref count buffer pool pages
2023-10-29 12:04:29 15780 [Note] InnoDB: The InnoDB memory heap is disabled
2023-10-29 12:04:29 15780 [Note] InnoDB: Mutexes and rw_locks use Windows interlocked functions
2023-10-29 12:04:29 15780 [Note] InnoDB: Memory barrier is not used
2023-10-29 12:04:29 15780 [Note] InnoDB: Compressed tables use zlib 1.2.3
2023-10-29 12:04:29 15780 [Note] InnoDB: Not using CPU crc32 instructions
2023-10-29 12:04:29 15780 [Note] InnoDB: Initializing buffer pool, size = 128.0M
2023-10-29 12:04:29 15780 [Note] InnoDB: Completed initialization of buffer pool
2023-10-29 12:04:29 15780 [Note] InnoDB: Highest supported file format is Barracuda.
2023-10-29 12:04:29 15780 [Note] InnoDB: The log sequence numbers 1626134 and 1626134 in ibdata files do not match the log sequence number 27011878 in the ib_logfiles!
2023-10-29 12:04:29 15780 [Note] InnoDB: Database was not shutdown normally!
2023-10-29 12:04:29 15780 [Note] InnoDB: Starting crash recovery.
2023-10-29 12:04:29 15780 [Note] InnoDB: Reading tablespace information from the .ibd files...
2023-10-29 12:04:29 15780 [Note] InnoDB: Restoring possible half-written data pages 
2023-10-29 12:04:29 15780 [Note] InnoDB: from the doublewrite buffer...
2023-10-29 12:04:30 15780 [Note] InnoDB: 128 rollback segment(s) are active.
2023-10-29 12:04:30 15780 [Note] InnoDB: Waiting for purge to start
2023-10-29 12:04:30 15780 [Note] InnoDB: 5.6.34 started; log sequence number 27011878
2023-10-29 12:04:30 15780 [Note] Server hostname (bind-address): '*'; port: 3306
2023-10-29 12:04:30 15780 [Note] IPv6 is available.
2023-10-29 12:04:30 15780 [Note]   - '::' resolves to '::';
2023-10-29 12:04:30 15780 [Note] Server socket created on IP: '::'.
2023-10-29 15:47:07 3260 [Note] Plugin 'FEDERATED' is disabled.
2023-10-29 15:47:07 3260 [Note] InnoDB: Using atomics to ref count buffer pool pages
2023-10-29 15:47:07 3260 [Note] InnoDB: The InnoDB memory heap is disabled
2023-10-29 15:47:07 3260 [Note] InnoDB: Mutexes and rw_locks use Windows interlocked functions
2023-10-29 15:47:07 3260 [Note] InnoDB: Memory barrier is not used
2023-10-29 15:47:07 3260 [Note] InnoDB: Compressed tables use zlib 1.2.3
2023-10-29 15:47:07 3260 [Note] InnoDB: Not using CPU crc32 instructions
2023-10-29 15:47:07 3260 [Note] InnoDB: Initializing buffer pool, size = 128.0M
2023-10-29 15:47:07 3260 [Note] InnoDB: Completed initialization of buffer pool
2023-10-29 15:47:07 3260 [Note] InnoDB: Highest supported file format is Barracuda.
2023-10-29 15:47:07 3260 [Note] InnoDB: The log sequence numbers 1626134 and 1626134 in ibdata files do not match the log sequence number 27011888 in the ib_logfiles!
2023-10-29 15:47:07 3260 [Note] InnoDB: Database was not shutdown normally!
2023-10-29 15:47:07 3260 [Note] InnoDB: Starting crash recovery.
2023-10-29 15:47:07 3260 [Note] InnoDB: Reading tablespace information from the .ibd files...
2023-10-29 15:47:08 3260 [Note] InnoDB: Restoring possible half-written data pages 
2023-10-29 15:47:08 3260 [Note] InnoDB: from the doublewrite buffer...
2023-10-29 15:47:08 3260 [Note] InnoDB: 128 rollback segment(s) are active.
2023-10-29 15:47:08 3260 [Note] InnoDB: Waiting for purge to start
2023-10-29 15:47:08 3260 [Note] InnoDB: 5.6.34 started; log sequence number 27011888
2023-10-29 15:47:08 3260 [Note] Server hostname (bind-address): '*'; port: 3306
2023-10-29 15:47:08 3260 [Note] IPv6 is available.
2023-10-29 15:47:08 3260 [Note]   - '::' resolves to '::';
2023-10-29 15:47:08 3260 [Note] Server socket created on IP: '::'.
2023-10-30 18:37:35 19688 [Note] Plugin 'FEDERATED' is disabled.
2023-10-30 18:37:35 19688 [Note] InnoDB: Using atomics to ref count buffer pool pages
2023-10-30 18:37:35 19688 [Note] InnoDB: The InnoDB memory heap is disabled
2023-10-30 18:37:35 19688 [Note] InnoDB: Mutexes and rw_locks use Windows interlocked functions
2023-10-30 18:37:35 19688 [Note] InnoDB: Memory barrier is not used
2023-10-30 18:37:35 19688 [Note] InnoDB: Compressed tables use zlib 1.2.3
2023-10-30 18:37:35 19688 [Note] InnoDB: Not using CPU crc32 instructions
2023-10-30 18:37:35 19688 [Note] InnoDB: Initializing buffer pool, size = 128.0M
2023-10-30 18:37:35 19688 [Note] InnoDB: Completed initialization of buffer pool
2023-10-30 18:37:35 19688 [Note] InnoDB: Highest supported file format is Barracuda.
2023-10-30 18:37:35 19688 [Note] InnoDB: The log sequence numbers 1626134 and 1626134 in ibdata files do not match the log sequence number 27011938 in the ib_logfiles!
2023-10-30 18:37:35 19688 [Note] InnoDB: Database was not shutdown normally!
2023-10-30 18:37:35 19688 [Note] InnoDB: Starting crash recovery.
2023-10-30 18:37:35 19688 [Note] InnoDB: Reading tablespace information from the .ibd files...
2023-10-30 18:37:35 19688 [Note] InnoDB: Restoring possible half-written data pages 
2023-10-30 18:37:35 19688 [Note] InnoDB: from the doublewrite buffer...
2023-10-30 18:37:35 19688 [Note] InnoDB: 128 rollback segment(s) are active.
2023-10-30 18:37:35 19688 [Note] InnoDB: Waiting for purge to start
2023-10-30 18:37:35 19688 [Note] InnoDB: 5.6.34 started; log sequence number 27011938
2023-10-30 18:37:35 19688 [Note] Server hostname (bind-address): '*'; port: 3306
2023-10-30 18:37:35 19688 [Note] IPv6 is available.
2023-10-30 18:37:35 19688 [Note]   - '::' resolves to '::';
2023-10-30 18:37:35 19688 [Note] Server socket created on IP: '::'.
