2023-10-27 15:49:39 18692 [Note] Plugin 'FEDERATED' is disabled.
2023-10-27 15:49:39 18692 [Note] InnoDB: Using atomics to ref count buffer pool pages
2023-10-27 15:49:39 18692 [Note] InnoDB: The InnoDB memory heap is disabled
2023-10-27 15:49:39 18692 [Note] InnoDB: Mutexes and rw_locks use Windows interlocked functions
2023-10-27 15:49:39 18692 [Note] InnoDB: Memory barrier is not used
2023-10-27 15:49:39 18692 [Note] InnoDB: Compressed tables use zlib 1.2.3
2023-10-27 15:49:39 18692 [Note] InnoDB: Not using CPU crc32 instructions
2023-10-27 15:49:39 18692 [Note] InnoDB: Initializing buffer pool, size = 128.0M
2023-10-27 15:49:39 18692 [Note] InnoDB: Completed initialization of buffer pool
2023-10-27 15:49:39 18692 [Note] InnoDB: Highest supported file format is Barracuda.
2023-10-27 15:49:39 18692 [Note] InnoDB: The log sequence numbers 1626134 and 1626134 in ibdata files do not match the log sequence number 27011808 in the ib_logfiles!
2023-10-27 15:49:39 18692 [Note] InnoDB: Database was not shutdown normally!
2023-10-27 15:49:39 18692 [Note] InnoDB: Starting crash recovery.
2023-10-27 15:49:39 18692 [Note] InnoDB: Reading tablespace information from the .ibd files...
2023-10-27 15:49:39 18692 [Note] InnoDB: Restoring possible half-written data pages 
2023-10-27 15:49:39 18692 [Note] InnoDB: from the doublewrite buffer...
2023-10-27 15:49:39 18692 [Note] InnoDB: 128 rollback segment(s) are active.
2023-10-27 15:49:39 18692 [Note] InnoDB: Waiting for purge to start
2023-10-27 15:49:39 18692 [Note] InnoDB: 5.6.34 started; log sequence number 27011808
2023-10-27 15:49:39 18692 [Note] Server hostname (bind-address): '*'; port: 3306
2023-10-27 15:49:39 18692 [Note] IPv6 is available.
2023-10-27 15:49:39 18692 [Note]   - '::' resolves to '::';
2023-10-27 15:49:39 18692 [Note] Server socket created on IP: '::'.
2023-10-28 08:17:23 8516 [Note] Plugin 'FEDERATED' is disabled.
2023-10-28 08:17:23 8516 [Note] InnoDB: Using atomics to ref count buffer pool pages
2023-10-28 08:17:23 8516 [Note] InnoDB: The InnoDB memory heap is disabled
2023-10-28 08:17:23 8516 [Note] InnoDB: Mutexes and rw_locks use Windows interlocked functions
2023-10-28 08:17:23 8516 [Note] InnoDB: Memory barrier is not used
2023-10-28 08:17:23 8516 [Note] InnoDB: Compressed tables use zlib 1.2.3
2023-10-28 08:17:23 8516 [Note] InnoDB: Not using CPU crc32 instructions
2023-10-28 08:17:23 8516 [Note] InnoDB: Initializing buffer pool, size = 128.0M
2023-10-28 08:17:23 8516 [Note] InnoDB: Completed initialization of buffer pool
2023-10-28 08:17:23 8516 [Note] InnoDB: Highest supported file format is Barracuda.
2023-10-28 08:17:23 8516 [Note] InnoDB: The log sequence numbers 1626134 and 1626134 in ibdata files do not match the log sequence number 27011818 in the ib_logfiles!
2023-10-28 08:17:23 8516 [Note] InnoDB: Database was not shutdown normally!
2023-10-28 08:17:23 8516 [Note] InnoDB: Starting crash recovery.
2023-10-28 08:17:23 8516 [Note] InnoDB: Reading tablespace information from the .ibd files...
2023-10-28 08:17:23 8516 [Note] InnoDB: Restoring possible half-written data pages 
2023-10-28 08:17:23 8516 [Note] InnoDB: from the doublewrite buffer...
2023-10-28 08:17:24 8516 [Note] InnoDB: 128 rollback segment(s) are active.
2023-10-28 08:17:24 8516 [Note] InnoDB: Waiting for purge to start
2023-10-28 08:17:24 8516 [Note] InnoDB: 5.6.34 started; log sequence number 27011818
2023-10-28 08:17:24 8516 [Note] Server hostname (bind-address): '*'; port: 3306
2023-10-28 08:17:24 8516 [Note] IPv6 is available.
2023-10-28 08:17:24 8516 [Note]   - '::' resolves to '::';
2023-10-28 08:17:24 8516 [Note] Server socket created on IP: '::'.
2023-10-28 11:28:59 14152 [Note] Plugin 'FEDERATED' is disabled.
2023-10-28 11:28:59 14152 [Note] InnoDB: Using atomics to ref count buffer pool pages
2023-10-28 11:28:59 14152 [Note] InnoDB: The InnoDB memory heap is disabled
2023-10-28 11:28:59 14152 [Note] InnoDB: Mutexes and rw_locks use Windows interlocked functions
2023-10-28 11:28:59 14152 [Note] InnoDB: Memory barrier is not used
2023-10-28 11:28:59 14152 [Note] InnoDB: Compressed tables use zlib 1.2.3
2023-10-28 11:28:59 14152 [Note] InnoDB: Not using CPU crc32 instructions
2023-10-28 11:28:59 14152 [Note] InnoDB: Initializing buffer pool, size = 128.0M
2023-10-28 11:28:59 14152 [Note] InnoDB: Completed initialization of buffer pool
2023-10-28 11:28:59 14152 [Note] InnoDB: Highest supported file format is Barracuda.
2023-10-28 11:28:59 14152 [Note] InnoDB: The log sequence numbers 1626134 and 1626134 in ibdata files do not match the log sequence number 27011828 in the ib_logfiles!
2023-10-28 11:28:59 14152 [Note] InnoDB: Database was not shutdown normally!
2023-10-28 11:28:59 14152 [Note] InnoDB: Starting crash recovery.
2023-10-28 11:28:59 14152 [Note] InnoDB: Reading tablespace information from the .ibd files...
2023-10-28 11:28:59 14152 [Note] InnoDB: Restoring possible half-written data pages 
2023-10-28 11:28:59 14152 [Note] InnoDB: from the doublewrite buffer...
2023-10-28 11:28:59 14152 [Note] InnoDB: 128 rollback segment(s) are active.
2023-10-28 11:28:59 14152 [Note] InnoDB: Waiting for purge to start
2023-10-28 11:28:59 14152 [Note] InnoDB: 5.6.34 started; log sequence number 27011828
2023-10-28 11:28:59 14152 [Note] Server hostname (bind-address): '*'; port: 3306
2023-10-28 11:28:59 14152 [Note] IPv6 is available.
2023-10-28 11:28:59 14152 [Note]   - '::' resolves to '::';
2023-10-28 11:28:59 14152 [Note] Server socket created on IP: '::'.
2023-10-29 07:51:12 13680 [Note] Plugin 'FEDERATED' is disabled.
2023-10-29 07:51:12 13680 [Note] InnoDB: Using atomics to ref count buffer pool pages
2023-10-29 07:51:12 13680 [Note] InnoDB: The InnoDB memory heap is disabled
2023-10-29 07:51:12 13680 [Note] InnoDB: Mutexes and rw_locks use Windows interlocked functions
2023-10-29 07:51:12 13680 [Note] InnoDB: Memory barrier is not used
2023-10-29 07:51:12 13680 [Note] InnoDB: Compressed tables use zlib 1.2.3
2023-10-29 07:51:12 13680 [Note] InnoDB: Not using CPU crc32 instructions
2023-10-29 07:51:12 13680 [Note] InnoDB: Initializing buffer pool, size = 128.0M
2023-10-29 07:51:12 13680 [Note] InnoDB: Completed initialization of buffer pool
2023-10-29 07:51:12 13680 [Note] InnoDB: Highest supported file format is Barracuda.
2023-10-29 07:51:12 13680 [Note] InnoDB: The log sequence numbers 1626134 and 1626134 in ibdata files do not match the log sequence number 27011848 in the ib_logfiles!
2023-10-29 07:51:12 13680 [Note] InnoDB: Database was not shutdown normally!
2023-10-29 07:51:12 13680 [Note] InnoDB: Starting crash recovery.
2023-10-29 07:51:12 13680 [Note] InnoDB: Reading tablespace information from the .ibd files...
2023-10-29 07:51:12 13680 [Note] InnoDB: Restoring possible half-written data pages 
2023-10-29 07:51:12 13680 [Note] InnoDB: from the doublewrite buffer...
2023-10-29 07:51:13 13680 [Note] InnoDB: 128 rollback segment(s) are active.
2023-10-29 07:51:13 13680 [Note] InnoDB: Waiting for purge to start
2023-10-29 07:51:13 13680 [Note] InnoDB: 5.6.34 started; log sequence number 27011848
2023-10-29 07:51:13 13680 [Note] Server hostname (bind-address): '*'; port: 3306
2023-10-29 07:51:13 13680 [Note] IPv6 is available.
2023-10-29 07:51:13 13680 [Note]   - '::' resolves to '::';
2023-10-29 07:51:13 13680 [Note] Server socket created on IP: '::'.
2023-10-29 08:54:29 11444 [Note] Plugin 'FEDERATED' is disabled.
2023-10-29 08:54:29 11444 [Note] InnoDB: Using atomics to ref count buffer pool pages
2023-10-29 08:54:29 11444 [Note] InnoDB: The InnoDB memory heap is disabled
2023-10-29 08:54:29 11444 [Note] InnoDB: Mutexes and rw_locks use Windows interlocked functions
2023-10-29 08:54:29 11444 [Note] InnoDB: Memory barrier is not used
2023-10-29 08:54:29 11444 [Note] InnoDB: Compressed tables use zlib 1.2.3
2023-10-29 08:54:30 11444 [Note] InnoDB: Not using CPU crc32 instructions
2023-10-29 08:54:30 11444 [Note] InnoDB: Initializing buffer pool, size = 128.0M
2023-10-29 08:54:30 11444 [Note] InnoDB: Completed initialization of buffer pool
2023-10-29 08:54:30 11444 [Note] InnoDB: Highest supported file format is Barracuda.
2023-10-29 08:54:30 11444 [Note] InnoDB: The log sequence numbers 1626134 and 1626134 in ibdata files do not match the log sequence number 27011858 in the ib_logfiles!
2023-10-29 08:54:30 11444 [Note] InnoDB: Database was not shutdown normally!
2023-10-29 08:54:30 11444 [Note] InnoDB: Starting crash recovery.
2023-10-29 08:54:30 11444 [Note] InnoDB: Reading tablespace information from the .ibd files...
2023-10-29 08:54:30 11444 [Note] InnoDB: Restoring possible half-written data pages 
2023-10-29 08:54:30 11444 [Note] InnoDB: from the doublewrite buffer...
2023-10-29 08:54:30 11444 [Note] InnoDB: 128 rollback segment(s) are active.
2023-10-29 08:54:30 11444 [Note] InnoDB: Waiting for purge to start
2023-10-29 08:54:30 11444 [Note] InnoDB: 5.6.34 started; log sequence number 27011858
2023-10-29 08:54:30 11444 [Note] Server hostname (bind-address): '*'; port: 3306
2023-10-29 08:54:30 11444 [Note] IPv6 is available.
2023-10-29 08:54:30 11444 [Note]   - '::' resolves to '::';
2023-10-29 08:54:30 11444 [Note] Server socket created on IP: '::'.
2023-10-29 11:36:04 4172 [Note] Plugin 'FEDERATED' is disabled.
2023-10-29 11:36:04 4172 [Note] InnoDB: Using atomics to ref count buffer pool pages
2023-10-29 11:36:04 4172 [Note] InnoDB: The InnoDB memory heap is disabled
2023-10-29 11:36:04 4172 [Note] InnoDB: Mutexes and rw_locks use Windows interlocked functions
2023-10-29 11:36:04 4172 [Note] InnoDB: Memory barrier is not used
2023-10-29 11:36:04 4172 [Note] InnoDB: Compressed tables use zlib 1.2.3
2023-10-29 11:36:04 4172 [Note] InnoDB: Not using CPU crc32 instructions
2023-10-29 11:36:04 4172 [Note] InnoDB: Initializing buffer pool, size = 128.0M
2023-10-29 11:36:04 4172 [Note] InnoDB: Completed initialization of buffer pool
2023-10-29 11:36:04 4172 [Note] InnoDB: Highest supported file format is Barracuda.
2023-10-29 11:36:04 4172 [Note] InnoDB: The log sequence numbers 1626134 and 1626134 in ibdata files do not match the log sequence number 27011868 in the ib_logfiles!
2023-10-29 11:36:04 4172 [Note] InnoDB: Database was not shutdown normally!
2023-10-29 11:36:04 4172 [Note] InnoDB: Starting crash recovery.
2023-10-29 11:36:04 4172 [Note] InnoDB: Reading tablespace information from the .ibd files...
2023-10-29 11:36:04 4172 [Note] InnoDB: Restoring possible half-written data pages 
2023-10-29 11:36:04 4172 [Note] InnoDB: from the doublewrite buffer...
2023-10-29 11:36:05 4172 [Note] InnoDB: 128 rollback segment(s) are active.
2023-10-29 11:36:05 4172 [Note] InnoDB: Waiting for purge to start
2023-10-29 11:36:05 4172 [Note] InnoDB: 5.6.34 started; log sequence number 27011868
2023-10-29 11:36:05 4172 [Note] Server hostname (bind-address): '*'; port: 3306
2023-10-29 11:36:05 4172 [Note] IPv6 is available.
2023-10-29 11:36:05 4172 [Note]   - '::' resolves to '::';
2023-10-29 11:36:05 4172 [Note] Server socket created on IP: '::'.
2023-10-29 11:36:05 4172 [Note] Event Scheduler: Loaded 0 events
2023-10-29 11:36:05 4172 [Note] C:\Users\Peti\Documents\GitHub\kiakkweb/mysql/bin/mysqld_usbwv8.exe: ready for connections.
Version: '5.6.34'  socket: ''  port: 3306  MySQL Community Server (GPL)
2023-10-29 17:35:04 2948 [Note] Plugin 'FEDERATED' is disabled.
2023-10-29 17:35:04 2948 [Note] InnoDB: Using atomics to ref count buffer pool pages
2023-10-29 17:35:04 2948 [Note] InnoDB: The InnoDB memory heap is disabled
2023-10-29 17:35:04 2948 [Note] InnoDB: Mutexes and rw_locks use Windows interlocked functions
2023-10-29 17:35:04 2948 [Note] InnoDB: Memory barrier is not used
2023-10-29 17:35:04 2948 [Note] InnoDB: Compressed tables use zlib 1.2.3
2023-10-29 17:35:04 2948 [Note] InnoDB: Not using CPU crc32 instructions
2023-10-29 17:35:04 2948 [Note] InnoDB: Initializing buffer pool, size = 128.0M
2023-10-29 17:35:04 2948 [Note] InnoDB: Completed initialization of buffer pool
2023-10-29 17:35:04 2948 [Note] InnoDB: Highest supported file format is Barracuda.
2023-10-29 17:35:04 2948 [Note] InnoDB: The log sequence numbers 1626134 and 1626134 in ibdata files do not match the log sequence number 27011888 in the ib_logfiles!
2023-10-29 17:35:04 2948 [Note] InnoDB: Database was not shutdown normally!
2023-10-29 17:35:04 2948 [Note] InnoDB: Starting crash recovery.
2023-10-29 17:35:04 2948 [Note] InnoDB: Reading tablespace information from the .ibd files...
2023-10-29 17:35:04 2948 [Note] InnoDB: Restoring possible half-written data pages 
2023-10-29 17:35:04 2948 [Note] InnoDB: from the doublewrite buffer...
2023-10-29 17:35:05 2948 [Note] InnoDB: 128 rollback segment(s) are active.
2023-10-29 17:35:05 2948 [Note] InnoDB: Waiting for purge to start
2023-10-29 17:35:05 2948 [Note] InnoDB: 5.6.34 started; log sequence number 27011888
2023-10-29 17:35:05 2948 [Note] Server hostname (bind-address): '*'; port: 3306
2023-10-29 17:35:05 2948 [Note] IPv6 is available.
2023-10-29 17:35:05 2948 [Note]   - '::' resolves to '::';
2023-10-29 17:35:05 2948 [Note] Server socket created on IP: '::'.
2023-10-29 17:35:05 2948 [Note] Event Scheduler: Loaded 0 events
2023-10-29 17:35:05 2948 [Note] C:\Users\Peti\Documents\GitHub\kiakkweb/mysql/bin/mysqld_usbwv8.exe: ready for connections.
Version: '5.6.34'  socket: ''  port: 3306  MySQL Community Server (GPL)
2023-10-30 07:49:13 12316 [Note] Plugin 'FEDERATED' is disabled.
2023-10-30 07:49:13 12316 [Note] InnoDB: Using atomics to ref count buffer pool pages
2023-10-30 07:49:13 12316 [Note] InnoDB: The InnoDB memory heap is disabled
2023-10-30 07:49:13 12316 [Note] InnoDB: Mutexes and rw_locks use Windows interlocked functions
2023-10-30 07:49:13 12316 [Note] InnoDB: Memory barrier is not used
2023-10-30 07:49:13 12316 [Note] InnoDB: Compressed tables use zlib 1.2.3
2023-10-30 07:49:13 12316 [Note] InnoDB: Not using CPU crc32 instructions
2023-10-30 07:49:13 12316 [Note] InnoDB: Initializing buffer pool, size = 128.0M
2023-10-30 07:49:13 12316 [Note] InnoDB: Completed initialization of buffer pool
2023-10-30 07:49:13 12316 [Note] InnoDB: Highest supported file format is Barracuda.
2023-10-30 07:49:13 12316 [Note] InnoDB: The log sequence numbers 1626134 and 1626134 in ibdata files do not match the log sequence number 27011898 in the ib_logfiles!
2023-10-30 07:49:13 12316 [Note] InnoDB: Database was not shutdown normally!
2023-10-30 07:49:13 12316 [Note] InnoDB: Starting crash recovery.
2023-10-30 07:49:13 12316 [Note] InnoDB: Reading tablespace information from the .ibd files...
2023-10-30 07:49:13 12316 [Note] InnoDB: Restoring possible half-written data pages 
2023-10-30 07:49:13 12316 [Note] InnoDB: from the doublewrite buffer...
2023-10-30 07:49:14 12316 [Note] InnoDB: 128 rollback segment(s) are active.
2023-10-30 07:49:14 12316 [Note] InnoDB: Waiting for purge to start
2023-10-30 07:49:14 12316 [Note] InnoDB: 5.6.34 started; log sequence number 27011898
2023-10-30 07:49:15 12316 [Note] Server hostname (bind-address): '*'; port: 3306
2023-10-30 07:49:15 12316 [Note] IPv6 is available.
2023-10-30 07:49:15 12316 [Note]   - '::' resolves to '::';
2023-10-30 07:49:15 12316 [Note] Server socket created on IP: '::'.
2023-10-30 07:49:16 12316 [Note] Event Scheduler: Loaded 0 events
2023-10-30 07:49:16 12316 [Note] C:\Users\Peti\Documents\GitHub\kiakkweb/mysql/bin/mysqld_usbwv8.exe: ready for connections.
Version: '5.6.34'  socket: ''  port: 3306  MySQL Community Server (GPL)
2023-10-30 08:46:48 4820 [Note] Plugin 'FEDERATED' is disabled.
2023-10-30 08:46:48 4820 [Note] InnoDB: Using atomics to ref count buffer pool pages
2023-10-30 08:46:48 4820 [Note] InnoDB: The InnoDB memory heap is disabled
2023-10-30 08:46:48 4820 [Note] InnoDB: Mutexes and rw_locks use Windows interlocked functions
2023-10-30 08:46:48 4820 [Note] InnoDB: Memory barrier is not used
2023-10-30 08:46:48 4820 [Note] InnoDB: Compressed tables use zlib 1.2.3
2023-10-30 08:46:48 4820 [Note] InnoDB: Not using CPU crc32 instructions
2023-10-30 08:46:48 4820 [Note] InnoDB: Initializing buffer pool, size = 128.0M
2023-10-30 08:46:48 4820 [Note] InnoDB: Completed initialization of buffer pool
2023-10-30 08:46:48 4820 [Note] InnoDB: Highest supported file format is Barracuda.
2023-10-30 08:46:48 4820 [Note] InnoDB: The log sequence numbers 1626134 and 1626134 in ibdata files do not match the log sequence number 27011908 in the ib_logfiles!
2023-10-30 08:46:48 4820 [Note] InnoDB: Database was not shutdown normally!
2023-10-30 08:46:48 4820 [Note] InnoDB: Starting crash recovery.
2023-10-30 08:46:48 4820 [Note] InnoDB: Reading tablespace information from the .ibd files...
2023-10-30 08:46:48 4820 [Note] InnoDB: Restoring possible half-written data pages 
2023-10-30 08:46:48 4820 [Note] InnoDB: from the doublewrite buffer...
2023-10-30 08:46:49 4820 [Note] InnoDB: 128 rollback segment(s) are active.
2023-10-30 08:46:49 4820 [Note] InnoDB: Waiting for purge to start
2023-10-30 08:46:49 4820 [Note] InnoDB: 5.6.34 started; log sequence number 27011908
2023-10-30 08:46:49 4820 [Note] Server hostname (bind-address): '*'; port: 3306
2023-10-30 08:46:49 4820 [Note] IPv6 is available.
2023-10-30 08:46:49 4820 [Note]   - '::' resolves to '::';
2023-10-30 08:46:49 4820 [Note] Server socket created on IP: '::'.
2023-10-30 12:37:16 9928 [Note] Plugin 'FEDERATED' is disabled.
2023-10-30 12:37:16 9928 [Note] InnoDB: Using atomics to ref count buffer pool pages
2023-10-30 12:37:16 9928 [Note] InnoDB: The InnoDB memory heap is disabled
2023-10-30 12:37:16 9928 [Note] InnoDB: Mutexes and rw_locks use Windows interlocked functions
2023-10-30 12:37:16 9928 [Note] InnoDB: Memory barrier is not used
2023-10-30 12:37:16 9928 [Note] InnoDB: Compressed tables use zlib 1.2.3
2023-10-30 12:37:16 9928 [Note] InnoDB: Not using CPU crc32 instructions
2023-10-30 12:37:16 9928 [Note] InnoDB: Initializing buffer pool, size = 128.0M
2023-10-30 12:37:16 9928 [Note] InnoDB: Completed initialization of buffer pool
2023-10-30 12:37:16 9928 [Note] InnoDB: Highest supported file format is Barracuda.
2023-10-30 12:37:16 9928 [Note] InnoDB: The log sequence numbers 1626134 and 1626134 in ibdata files do not match the log sequence number 27011918 in the ib_logfiles!
2023-10-30 12:37:16 9928 [Note] InnoDB: Database was not shutdown normally!
2023-10-30 12:37:16 9928 [Note] InnoDB: Starting crash recovery.
2023-10-30 12:37:16 9928 [Note] InnoDB: Reading tablespace information from the .ibd files...
2023-10-30 12:37:16 9928 [Note] InnoDB: Restoring possible half-written data pages 
2023-10-30 12:37:16 9928 [Note] InnoDB: from the doublewrite buffer...
2023-10-30 12:37:16 9928 [Note] InnoDB: 128 rollback segment(s) are active.
2023-10-30 12:37:16 9928 [Note] InnoDB: Waiting for purge to start
2023-10-30 12:37:17 9928 [Note] InnoDB: 5.6.34 started; log sequence number 27011918
2023-10-30 12:37:17 9928 [Note] Server hostname (bind-address): '*'; port: 3306
2023-10-30 12:37:17 9928 [Note] IPv6 is available.
2023-10-30 12:37:17 9928 [Note]   - '::' resolves to '::';
2023-10-30 12:37:17 9928 [Note] Server socket created on IP: '::'.
2023-10-30 12:37:17 9928 [Note] Event Scheduler: Loaded 0 events
2023-10-30 12:37:17 9928 [Note] C:\Users\Peti\Documents\GitHub\kiakkweb/mysql/bin/mysqld_usbwv8.exe: ready for connections.
Version: '5.6.34'  socket: ''  port: 3306  MySQL Community Server (GPL)
2023-10-30 16:51:18 1172 [Note] Plugin 'FEDERATED' is disabled.
2023-10-30 16:51:18 1172 [Note] InnoDB: Using atomics to ref count buffer pool pages
2023-10-30 16:51:18 1172 [Note] InnoDB: The InnoDB memory heap is disabled
2023-10-30 16:51:18 1172 [Note] InnoDB: Mutexes and rw_locks use Windows interlocked functions
2023-10-30 16:51:18 1172 [Note] InnoDB: Memory barrier is not used
2023-10-30 16:51:18 1172 [Note] InnoDB: Compressed tables use zlib 1.2.3
2023-10-30 16:51:18 1172 [Note] InnoDB: Not using CPU crc32 instructions
2023-10-30 16:51:18 1172 [Note] InnoDB: Initializing buffer pool, size = 128.0M
2023-10-30 16:51:18 1172 [Note] InnoDB: Completed initialization of buffer pool
2023-10-30 16:51:18 1172 [Note] InnoDB: Highest supported file format is Barracuda.
2023-10-30 16:51:18 1172 [Note] InnoDB: The log sequence numbers 1626134 and 1626134 in ibdata files do not match the log sequence number 27011928 in the ib_logfiles!
2023-10-30 16:51:18 1172 [Note] InnoDB: Database was not shutdown normally!
2023-10-30 16:51:18 1172 [Note] InnoDB: Starting crash recovery.
2023-10-30 16:51:18 1172 [Note] InnoDB: Reading tablespace information from the .ibd files...
2023-10-30 16:51:18 1172 [Note] InnoDB: Restoring possible half-written data pages 
2023-10-30 16:51:18 1172 [Note] InnoDB: from the doublewrite buffer...
2023-10-30 16:51:19 1172 [Note] InnoDB: 128 rollback segment(s) are active.
2023-10-30 16:51:19 1172 [Note] InnoDB: Waiting for purge to start
2023-10-30 16:51:19 1172 [Note] InnoDB: 5.6.34 started; log sequence number 27011928
2023-10-30 16:51:19 1172 [Note] Server hostname (bind-address): '*'; port: 3306
2023-10-30 16:51:19 1172 [Note] IPv6 is available.
2023-10-30 16:51:19 1172 [Note]   - '::' resolves to '::';
2023-10-30 16:51:19 1172 [Note] Server socket created on IP: '::'.
2023-10-30 20:28:27 12716 [Note] Plugin 'FEDERATED' is disabled.
2023-10-30 20:28:27 12716 [Note] InnoDB: Using atomics to ref count buffer pool pages
2023-10-30 20:28:27 12716 [Note] InnoDB: The InnoDB memory heap is disabled
2023-10-30 20:28:27 12716 [Note] InnoDB: Mutexes and rw_locks use Windows interlocked functions
2023-10-30 20:28:27 12716 [Note] InnoDB: Memory barrier is not used
2023-10-30 20:28:27 12716 [Note] InnoDB: Compressed tables use zlib 1.2.3
2023-10-30 20:28:27 12716 [Note] InnoDB: Not using CPU crc32 instructions
2023-10-30 20:28:27 12716 [Note] InnoDB: Initializing buffer pool, size = 128.0M
2023-10-30 20:28:27 12716 [Note] InnoDB: Completed initialization of buffer pool
2023-10-30 20:28:27 12716 [Note] InnoDB: Highest supported file format is Barracuda.
2023-10-30 20:28:27 12716 [Note] InnoDB: The log sequence numbers 1626134 and 1626134 in ibdata files do not match the log sequence number 27011948 in the ib_logfiles!
2023-10-30 20:28:27 12716 [Note] InnoDB: Database was not shutdown normally!
2023-10-30 20:28:27 12716 [Note] InnoDB: Starting crash recovery.
2023-10-30 20:28:27 12716 [Note] InnoDB: Reading tablespace information from the .ibd files...
2023-10-30 20:28:27 12716 [Note] InnoDB: Restoring possible half-written data pages 
2023-10-30 20:28:27 12716 [Note] InnoDB: from the doublewrite buffer...
2023-10-30 20:28:28 12716 [Note] InnoDB: 128 rollback segment(s) are active.
2023-10-30 20:28:28 12716 [Note] InnoDB: Waiting for purge to start
2023-10-30 20:28:28 12716 [Note] InnoDB: 5.6.34 started; log sequence number 27011948
2023-10-30 20:28:28 12716 [Note] Server hostname (bind-address): '*'; port: 3306
2023-10-30 20:28:28 12716 [Note] IPv6 is available.
2023-10-30 20:28:28 12716 [Note]   - '::' resolves to '::';
2023-10-30 20:28:28 12716 [Note] Server socket created on IP: '::'.
2023-10-30 20:28:28 12716 [Note] Event Scheduler: Loaded 0 events
2023-10-30 20:28:28 12716 [Note] C:\Users\Peti\Documents\GitHub\kiakkweb/mysql/bin/mysqld_usbwv8.exe: ready for connections.
Version: '5.6.34'  socket: ''  port: 3306  MySQL Community Server (GPL)
